iMPACT Version: G.23
iMPACT log file Started on 2014/07/18 11:52:15
// *** BATCH CMD : setPreference -pref UserLevel:NOVICE
// *** BATCH CMD : setPreference -pref MessageLevel:DETAILED
// *** BATCH CMD : setPreference -pref ConcurrentMode:FALSE
// *** BATCH CMD : setPreference -pref UseHighz:FALSE
// *** BATCH CMD : setPreference -pref ConfigOnFailure:STOP
// *** BATCH CMD : setPreference -pref StartupCLock:AUTO_CORRECTION
// *** BATCH CMD : setPreference -pref AutoSignature:FALSE
// *** BATCH CMD : setPreference -pref KeepSVF:FALSE
// *** BATCH CMD : setPreference -pref svfUseTime:FALSE
// *** BATCH CMD : setPreference -pref UserLevel:NOVICE
// *** BATCH CMD : setPreference -pref MessageLevel:DETAILED
// *** BATCH CMD : setPreference -pref ConcurrentMode:FALSE
// *** BATCH CMD : setPreference -pref UseHighz:FALSE
// *** BATCH CMD : setPreference -pref ConfigOnFailure:STOP
// *** BATCH CMD : setPreference -pref StartupCLock:AUTO_CORRECTION
// *** BATCH CMD : setPreference -pref AutoSignature:FALSE
// *** BATCH CMD : setPreference -pref KeepSVF:FALSE
// *** BATCH CMD : setPreference -pref svfUseTime:FALSE
// *** BATCH CMD : setMode -pff
// *** BATCH CMD : setMode -pff
// *** BATCH CMD : setMode -pff
// *** BATCH CMD : setSubmode -pffserial
// *** BATCH CMD : setAttribute -configdevice -attr name -value "PFFConfigDevice"
// *** BATCH CMD : setAttribute -configdevice -attr size -value "0"
// *** BATCH CMD : addCollection -name "top"
// *** BATCH CMD : setAttribute -collection -attr dir -value "UP"
// *** BATCH CMD : addDesign -version 0 -name "0000"
// *** BATCH CMD : addDeviceChain -index 0
// *** BATCH CMD : addDevice -position 1 -file "D:\TDC48Stop_20140630N\chrono48_stop3.bit"
'1': Loading file 'D:\TDC48Stop_20140630N\chrono48_stop3.bit' ...
INFO:iMPACT - Elapsed time =      0 sec.
done.
INFO:iMPACT:501 - '1': Added Device xc2s200 successfully.
----------------------------------------------------------------------
----------------------------------------------------------------------
GUI --- Add one device.
// *** BATCH CMD : setMode -pff
Collection : top
Design : 0
Device Chain : 0
----------------------------------------------------------------------
Position	PartName       	FileName            
1       	xc2s200        	D:\TDC48Stop_20140630N\chrono48_stop3.bit
----------------------------------------------------------------------
// *** BATCH CMD : setAttribute -configdevice -attr fillValue -value "FF"
// *** BATCH CMD : setAttribute -configdevice -attr fileFormat -value "mcs"
// *** BATCH CMD : setAttribute -collection -attr dir -value "UP"
// *** BATCH CMD : setAttribute -configdevice -attr path -value "d:\tdc48stop_20140630n/"
// *** BATCH CMD : setAttribute -collection -attr name -value "top"
// *** BATCH CMD : generate -generic
'1': Added Device xc17v01 successfully.
----------------------------------------------------------------------
----------------------------------------------------------------------
Generating Prom file using the following auto generated Prom(s):
xc17v01
----------------------------------------------------------------------
0x28c44 (166980) bytes loaded up from 0x0
Using user-specified prom size of 205K
Writing file "d:\tdc48stop_20140630n//top.mcs".
Writing file "d:\tdc48stop_20140630n//top.prm".
Writing file "d:\tdc48stop_20140630n//top.sig".
GUI --- Total configuration bit size = 1335840 bits.
GUI --- Total configuration byte size = 166980 bytes.
*****   Closing iMPACT program.   *****
:\TDC48Stop_20140630N\chrono48_stop3.bit' ...
done.
WARNING:iMPACT:1049 - Startup Clock has been changed to 'JtagClk' in the bitstream stored in memory,
but the original bitstream file remains unchanged.
but the original bitstream file remains unchanged.
INFO:iMPACT:501 - '2': Added Device xc2s200 successfully.
----------------------------------------------------------------------
----------------------------------------------------------------------
----------------------------------------------------------------------
----------------------------------------------------------------------
// *** BATCH CMD : Program -p 1 -e -v -loadfpga 
PROGRESS_START - Starting Operation.
Validating chain...
Boundary-scan chain validated successfully.
'1': Putting device in ISP mode...done.
'1': Erasing device...Speed value not found for 2500000.
Speed value not found for 2500000.
Speed value not found for 2500000.
Speed value not found for 2500000.
Speed value not found for 2500000.
Speed value not found for 2500000.
Speed value not found for 2500000.
Speed value not found for 2500000.
Speed value not found for 2500000.
Speed value not found for 2500000.
Speed value not found for 2500000.
Speed value not found for 2500000.
Speed value not found for 2500000.
Speed value not found for 2500000.
Speed value not found for 2500000.
Speed value not found for 2500000.
Speed value not found for 2500000.
Speed value not found for 2500000.
Speed value not found for 2500000.
Speed value not found for 2500000.
Speed value not found for 2500000.
Speed value not found for 2500000.
Speed value not found for 2500000.
Speed value not found for 2500000.
Speed value not found for 2500000.
Speed value not found for 2500000.
Speed value not found for 2500000.
Speed value not found for 2500000.
Speed value not found for 2500000.
Speed value not found for 2500000.
Speed value not found for 2500000.
Speed value not found for 2500000.
Speed value not found for 2500000.
Speed value not found for 2500000.
Speed value not found for 2500000.
Speed value not found for 2500000.
Speed value not found for 2500000.
Speed value not found for 2500000.
Speed value not found for 2500000.
Speed value not found for 2500000.
Speed value not found for 2500000.
Speed value not found for 2500000.
Speed value not found for 2500000.
Speed value not found for 2500000.
Speed value not found for 2500000.
Speed value not found for 2500000.
Speed value not found for 2500000.
Speed value not found for 2500000.
Speed value not found for 2500000.
Speed value not found for 2500000.
Speed value not found for 2500000.
Speed value not found for 2500000.
Speed value not found for 2500000.
Speed value not found for 2500000.
Speed value not found for 2500000.
Speed value not found for 2500000.
Speed value not found for 2500000.
Speed value not found for 2500000.
Speed value not found for 2500000.
Speed value not found for 2500000.
Speed value not found for 2500000.
Speed value not found for 2500000.
Speed value not found for 2500000.
Speed value not found for 2500000.
Speed value not found for 2500000.
Speed value not found for 2500000.
Speed value not found for 2500000.
Speed value not found for 2500000.
Speed value not found for 2500000.
Speed value not found for 2500000.
Speed value not found for 2500000.
Speed value not found for 2500000.
Speed value not found for 2500000.
Speed value not found for 2500000.
Speed value not found for 2500000.
Speed value not found for 2500000.
Speed value not found for 2500000.
Speed value not found for 2500000.
Speed value not found for 2500000.
Speed value not found for 2500000.
Speed value not found for 2500000.
Speed value not found for 2500000.
Speed value not found for 2500000.
Speed value not found for 2500000.
Speed value not found for 2500000.
Speed value not found for 2500000.
Speed value not found for 2500000.
Speed value not found for 2500000.
Speed value not found for 2500000.
Speed value not found for 2500000.
Speed value not found for 2500000.
Speed value not found for 2500000.
Speed value not found for 2500000.
Speed value not found for 2500000.
Speed value not found for 2500000.
Speed value not found for 2500000.
Speed value not found for 2500000.
Speed value not found for 2500000.
Speed value not found for 2500000.
Speed value not found for 2500000.
Speed value not found for 2500000.
Speed value not found for 2500000.
Speed value not found for 2500000.
Speed value not found for 2500000.
Speed value not found for 2500000.
Speed value not found for 2500000.
Speed value not found for 2500000.
Speed value not found for 2500000.
Speed value not found for 2500000.
Speed value not found for 2500000.
Speed value not found for 2500000.
Speed value not found for 2500000.
Speed value not found for 2500000.
Speed value not found for 2500000.
Speed value not found for 2500000.
Speed value not found for 2500000.
Speed value not found for 2500000.
Speed value not found for 2500000.
Speed value not found for 2500000.
Speed value not found for 2500000.
Speed value not found for 2500000.
Speed value not found for 2500000.
Speed value not found for 2500000.
Speed value not found for 2500000.
Speed value not found for 2500000.
Speed value not found for 2500000.
Speed value not found for 2500000.
Speed value not found for 2500000.
Speed value not found for 2500000.
Speed value not found for 2500000.
Speed value not found for 2500000.
Speed value not found for 2500000.
Speed value not found for 2500000.
Speed value not found for 2500000.
Speed value not found for 2500000.
Speed value not found for 2500000.
Speed value not found for 2500000.
Speed value not found for 2500000.
Speed value not found for 2500000.
Speed value not found for 2500000.
Speed value not found for 2500000.
Speed value not found for 2500000.
Speed value not found for 2500000.
Speed value not found for 2500000.
Speed value not found for 2500000.
Speed value not found for 2500000.
Speed value not found for 2500000.
Speed value not found for 2500000.
Speed value not found for 2500000.
Speed value not found for 2500000.
Speed value not found for 2500000.
Speed value not found for 2500000.
Speed value not found for 2500000.
Speed value not found for 2500000.
Speed value not found for 2500000.
Speed value not found for 2500000.
Speed value not found for 2500000.
Speed value not found for 2500000.
Speed value not found for 2500000.
Speed value not found for 2500000.
Speed value not found for 2500000.
Speed value not found for 2500000.
Speed value not found for 2500000.
Speed value not found for 2500000.
Speed value not found for 2500000.
Speed value not found for 2500000.
Speed value not found for 2500000.
Speed value not found for 2500000.
Speed value not found for 2500000.
Speed value not found for 2500000.
Speed value not found for 2500000.
Speed value not found for 2500000.
Speed value not found for 2500000.
Speed value not found for 2500000.
Speed value not found for 2500000.
Speed value not found for 2500000.
Speed value not found for 2500000.
Speed value not found for 2500000.
Speed value not found for 2500000.
Speed value not found for 2500000.
Speed value not found for 2500000.
Speed value not found for 2500000.
Speed value not found for 2500000.
Speed value not found for 2500000.
Speed value not found for 2500000.
Speed value not found for 2500000.
Speed value not found for 2500000.
Speed value not found for 2500000.
Speed value not found for 2500000.
Speed value not found for 2500000.
Speed value not found for 2500000.
Speed value not found for 2500000.
Speed value not found for 2500000.
Speed value not found for 2500000.
Speed value not found for 2500000.
Speed value not found for 2500000.
Speed value not found for 2500000.
Speed value not found for 2500000.
Speed value not found for 2500000.
Speed value not found for 2500000.
Speed value not found for 2500000.
Speed value not found for 2500000.
Speed value not found for 2500000.
Speed value not found for 2500000.
Speed value not found for 2500000.
Speed value not found for 2500000.
Speed value not found for 2500000.
Speed value not found for 2500000.
Speed value not found for 2500000.
Speed value not found for 2500000.
Speed value not found for 2500000.
Speed value not found for 2500000.
Speed value not found for 2500000.
Speed value not found for 2500000.
Speed value not found for 2500000.
Speed value not found for 2500000.
Speed value not found for 2500000.
Speed value not found for 2500000.
Speed value not found for 2500000.
Speed value not found for 2500000.
Speed value not found for 2500000.
Speed value not found for 2500000.
Speed value not found for 2500000.
Speed value not found for 2500000.
Speed value not found for 2500000.
Speed value not found for 2500000.
Speed value not found for 2500000.
Speed value not found for 2500000.
Speed value not found for 2500000.
Speed value not found for 2500000.
Speed value not found for 2500000.
Speed value not found for 2500000.
Speed value not found for 2500000.
Speed value not found for 2500000.
Speed value not found for 2500000.
Speed value not found for 2500000.
Speed value not found for 2500000.
Speed value not found for 2500000.
Speed value not found for 2500000.
Speed value not found for 2500000.
Speed value not found for 2500000.
Speed value not found for 2500000.
Speed value not found for 2500000.
Speed value not found for 2500000.
Speed value not found for 2500000.
Speed value not found for 2500000.
Speed value not found for 2500000.
Speed value not found for 2500000.
Speed value not found for 2500000.
Speed value not found for 2500000.
Speed value not found for 2500000.
Speed value not found for 2500000.
Speed value not found for 2500000.
Speed value not found for 2500000.
Speed value not found for 2500000.
Speed value not found for 2500000.
Speed value not found for 2500000.
Speed value not found for 2500000.
Speed value not found for 2500000.
Speed value not found for 2500000.
Speed value not found for 2500000.
Speed value not found for 2500000.
Speed value not found for 2500000.
Speed value not found for 2500000.
Speed value not found for 2500000.
Speed value not found for 2500000.
Speed value not found for 2500000.
Speed value not found for 2500000.
Speed value not found for 2500000.
Speed value not found for 2500000.
Speed value not found for 2500000.
Speed value not found for 2500000.
Speed value not found for 2500000.
Speed value not found for 2500000.
Speed value not found for 2500000.
Speed value not found for 2500000.
Speed value not found for 2500000.
Speed value not found for 2500000.
Speed value not found for 2500000.
Speed value not found for 2500000.
Speed value not found for 2500000.
Speed value not found for 2500000.
Speed value not found for 2500000.
Speed value not found for 2500000.
Speed value not found for 2500000.
Speed value not found for 2500000.
Speed value not found for 2500000.
Speed value not found for 2500000.
Speed value not found for 2500000.
Speed value not found for 2500000.
Speed value not found for 2500000.
Speed value not found for 2500000.
Speed value not found for 2500000.
Speed value not found for 2500000.
Speed value not found for 2500000.
Speed value not found for 2500000.
Speed value not found for 2500000.
Speed value not found for 2500000.
Speed value not found for 2500000.
Speed value not found for 2500000.
Speed value not found for 2500000.
Speed value not found for 2500000.
Speed value not found for 2500000.
Speed value not found for 2500000.
Speed value not found for 2500000.
Speed value not found for 2500000.
Speed value not found for 2500000.
Speed value not found for 2500000.
Speed value not found for 2500000.
Speed value not found for 2500000.
Speed value not found for 2500000.
Speed value not found for 2500000.
Speed value not found for 2500000.
Speed value not found for 2500000.
Speed value not found for 2500000.
Speed value not found for 2500000.
Speed value not found for 2500000.
Speed value not found for 2500000.
Speed value not found for 2500000.
Speed value not found for 2500000.
Speed value not found for 2500000.
Speed value not found for 2500000.
Speed value not found for 2500000.
Speed value not found for 2500000.
Speed value not found for 2500000.
Speed value not found for 2500000.
Speed value not found for 2500000.
Speed value not found for 2500000.
Speed value not found for 2500000.
Speed value not found for 2500000.
Speed value not found for 2500000.
Speed value not found for 2500000.
Speed value not found for 2500000.
Speed value not found for 2500000.
Speed value not found for 2500000.
Speed value not found for 2500000.
Speed value not found for 2500000.
Speed value not found for 2500000.
Speed value not found for 2500000.
Speed value not found for 2500000.
Speed value not found for 2500000.
Speed value not found for 2500000.
Speed value not found for 2500000.
Speed value not found for 2500000.
Speed value not found for 2500000.
Speed value not found for 2500000.
Speed value not found for 2500000.
Speed value not found for 2500000.
Speed value not found for 2500000.
Speed value not found for 2500000.
Speed value not found for 2500000.
Speed value not found for 2500000.
Speed value not found for 2500000.
Speed value not found for 2500000.
Speed value not found for 2500000.
Speed value not found for 2500000.
Speed value not found for 2500000.
Speed value not found for 2500000.
Speed value not found for 2500000.
Speed value not found for 2500000.
Speed value not found for 2500000.
Speed value not found for 2500000.
Speed value not found for 2500000.
Speed value not found for 2500000.
Speed value not found for 2500000.
Speed value not found for 2500000.
Speed value not found for 2500000.
Speed value not found for 2500000.
Speed value not found for 2500000.
done.
'1': Erasure completed successfully.
Speed value not found for 2500000.
Speed value not found for 2500000.
Speed value not found for 2500000.
Speed value not found for 2500000.
Speed value not found for 2500000.
Speed value not found for 2500000.
Speed value not found for 2500000.
Speed value not found for 2500000.
'1': Putting device in ISP mode...done.
'1': Programming device...Speed value not found for 2500000.
Speed value not found for 2500000.
Speed value not found for 2500000.
Speed value not found for 2500000.
Speed value not found for 2500000.
Speed value not found for 2500000.
Speed value not found for 2500000.
Speed value not found for 2500000.
Speed value not found for 2500000.
Speed value not found for 2500000.
Speed value not found for 2500000.
Speed value not found for 2500000.
Speed value not found for 2500000.
Speed value not found for 2500000.
Speed value not found for 2500000.
Speed value not found for 2500000.
Speed value not found for 2500000.
Speed value not found for 2500000.
Speed value not found for 2500000.
Speed value not found for 2500000.
Speed value not found for 2500000.
Speed value not found for 2500000.
Speed value not found for 2500000.
Speed value not found for 2500000.
Speed value not found for 2500000.
Speed value not found for 2500000.
Speed value not found for 2500000.
Speed value not found for 2500000.
Speed value not found for 2500000.
Speed value not found for 2500000.
Speed value not found for 2500000.
Speed value not found for 2500000.
Speed value not found for 2500000.
Speed value not found for 2500000.
Speed value not found for 2500000.
Speed value not found for 2500000.
Speed value not found for 2500000.
Speed value not found for 2500000.
Speed value not found for 2500000.
Speed value not found for 2500000.
Speed value not found for 2500000.
Speed value not found for 2500000.
Speed value not found for 2500000.
Speed value not found for 2500000.
Speed value not found for 2500000.
Speed value not found for 2500000.
Speed value not found for 2500000.
Speed value not found for 2500000.
Speed value not found for 2500000.
Speed value not found for 2500000.
Speed value not found for 2500000.
Speed value not found for 2500000.
Speed value not found for 2500000.
Speed value not found for 2500000.
Speed value not found for 2500000.
Speed value not found for 2500000.
Speed value not found for 2500000.
Speed value not found for 2500000.
Speed value not found for 2500000.
Speed value not found for 2500000.
Speed value not found for 2500000.
Speed value not found for 2500000.
Speed value not found for 2500000.
Speed value not found for 2500000.
Speed value not found for 2500000.
Speed value not found for 2500000.
Speed value not found for 2500000.
Speed value not found for 2500000.
Speed value not found for 2500000.
Speed value not found for 2500000.
Speed value not found for 2500000.
Speed value not found for 2500000.
Speed value not found for 2500000.
Speed value not found for 2500000.
Speed value not found for 2500000.
Speed value not found for 2500000.
Speed value not found for 2500000.
Speed value not found for 2500000.
Speed value not found for 2500000.
Speed value not found for 2500000.
Speed value not found for 2500000.
Speed value not found for 2500000.
Speed value not found for 2500000.
Speed value not found for 2500000.
Speed value not found for 2500000.
Speed value not found for 2500000.
Speed value not found for 2500000.
Speed value not found for 2500000.
Speed value not found for 2500000.
Speed value not found for 2500000.
Speed value not found for 2500000.
Speed value not found for 2500000.
Speed value not found for 2500000.
Speed value not found for 2500000.
Speed value not found for 2500000.
Speed value not found for 2500000.
Speed value not found for 2500000.
Speed value not found for 2500000.
Speed value not found for 2500000.
Speed value not found for 2500000.
Speed value not found for 2500000.
Speed value not found for 2500000.
Speed value not found for 2500000.
Speed value not found for 2500000.
Speed value not found for 2500000.
Speed value not found for 2500000.
Speed value not found for 2500000.
Speed value not found for 2500000.
Speed value not found for 2500000.
Speed value not found for 2500000.
Speed value not found for 2500000.
Speed value not found for 2500000.
Speed value not found for 2500000.
Speed value not found for 2500000.
Speed value not found for 2500000.
Speed value not found for 2500000.
Speed value not found for 2500000.
Speed value not found for 2500000.
Speed value not found for 2500000.
Speed value not found for 2500000.
Speed value not found for 2500000.
Speed value not found for 2500000.
Speed value not found for 2500000.
Speed value not found for 2500000.
Speed value not found for 2500000.
Speed value not found for 2500000.
Speed value not found for 2500000.
Speed value not found for 2500000.
Speed value not found for 2500000.
Speed value not found for 2500000.
Speed value not found for 2500000.
Speed value not found for 2500000.
Speed value not found for 2500000.
Speed value not found for 2500000.
Speed value not found for 2500000.
Speed value not found for 2500000.
Speed value not found for 2500000.
Speed value not found for 2500000.
Speed value not found for 2500000.
Speed value not found for 2500000.
Speed value not found for 2500000.
Speed value not found for 2500000.
Speed value not found for 2500000.
Speed value not found for 2500000.
Speed value not found for 2500000.
Speed value not found for 2500000.
Speed value not found for 2500000.
Speed value not found for 2500000.
Speed value not found for 2500000.
Speed value not found for 2500000.
Speed value not found for 2500000.
Speed value not found for 2500000.
Speed value not found for 2500000.
Speed value not found for 2500000.
Speed value not found for 2500000.
Speed value not found for 2500000.
Speed value not found for 2500000.
Speed value not found for 2500000.
Speed value not found for 2500000.
Speed value not found for 2500000.
Speed value not found for 2500000.
Speed value not found for 2500000.
Speed value not found for 2500000.
Speed value not found for 2500000.
Speed value not found for 2500000.
Speed value not found for 2500000.
Speed value not found for 2500000.
Speed value not found for 2500000.
Speed value not found for 2500000.
Speed value not found for 2500000.
Speed value not found for 2500000.
Speed value not found for 2500000.
Speed value not found for 2500000.
Speed value not found for 2500000.
Speed value not found for 2500000.
Speed value not found for 2500000.
Speed value not found for 2500000.
Speed value not found for 2500000.
Speed value not found for 2500000.
Speed value not found for 2500000.
Speed value not found for 2500000.
Speed value not found for 2500000.
Speed value not found for 2500000.
Speed value not found for 2500000.
Speed value not found for 2500000.
Speed value not found for 2500000.
Speed value not found for 2500000.
Speed value not found for 2500000.
Speed value not found for 2500000.
Speed value not found for 2500000.
Speed value not found for 2500000.
Speed value not found for 2500000.
Speed value not found for 2500000.
Speed value not found for 2500000.
Speed value not found for 2500000.
Speed value not found for 2500000.
Speed value not found for 2500000.
Speed value not found for 2500000.
Speed value not found for 2500000.
Speed value not found for 2500000.
Speed value not found for 2500000.
Speed value not found for 2500000.
Speed value not found for 2500000.
Speed value not found for 2500000.
Speed value not found for 2500000.
Speed value not found for 2500000.
Speed value not found for 2500000.
Speed value not found for 2500000.
Speed value not found for 2500000.
Speed value not found for 2500000.
Speed value not found for 2500000.
Speed value not found for 2500000.
Speed value not found for 2500000.
Speed value not found for 2500000.
Speed value not found for 2500000.
Speed value not found for 2500000.
Speed value not found for 2500000.
Speed value not found for 2500000.
Speed value not found for 2500000.
Speed value not found for 2500000.
Speed value not found for 2500000.
Speed value not found for 2500000.
Speed value not found for 2500000.
Speed value not found for 2500000.
Speed value not found for 2500000.
Speed value not found for 2500000.
Speed value not found for 2500000.
Speed value not found for 2500000.
Speed value not found for 2500000.
Speed value not found for 2500000.
Speed value not found for 2500000.
Speed value not found for 2500000.
Speed value not found for 2500000.
Speed value not found for 2500000.
Speed value not found for 2500000.
Speed value not found for 2500000.
Speed value not found for 2500000.
Speed value not found for 2500000.
Speed value not found for 2500000.
Speed value not found for 2500000.
Speed value not found for 2500000.
Speed value not found for 2500000.
Speed value not found for 2500000.
Speed value not found for 2500000.
Speed value not found for 2500000.
Speed value not found for 2500000.
Speed value not found for 2500000.
Speed value not found for 2500000.
Speed value not found for 2500000.
Speed value not found for 2500000.
Speed value not found for 2500000.
Speed value not found for 2500000.
Speed value not found for 2500000.
Speed value not found for 2500000.
Speed value not found for 2500000.
Speed value not found for 2500000.
Speed value not found for 2500000.
Speed value not found for 2500000.
Speed value not found for 2500000.
Speed value not found for 2500000.
Speed value not found for 2500000.
Speed value not found for 2500000.
Speed value not found for 2500000.
Speed value not found for 2500000.
Speed value not found for 2500000.
Speed value not found for 2500000.
Speed value not found for 2500000.
Speed value not found for 2500000.
Speed value not found for 2500000.
Speed value not found for 2500000.
Speed value not found for 2500000.
Speed value not found for 2500000.
Speed value not found for 2500000.
Speed value not found for 2500000.
Speed value not found for 2500000.
Speed value not found for 2500000.
Speed value not found for 2500000.
Speed value not found for 2500000.
Speed value not found for 2500000.
Speed value not found for 2500000.
Speed value not found for 2500000.
Speed value not found for 2500000.
Speed value not found for 2500000.
Speed value not found for 2500000.
Speed value not found for 2500000.
Speed value not found for 2500000.
Speed value not found for 2500000.
Speed value not found for 2500000.
Speed value not found for 2500000.
Speed value not found for 2500000.
Speed value not found for 2500000.
Speed value not found for 2500000.
Speed value not found for 2500000.
Speed value not found for 2500000.
Speed value not found for 2500000.
Speed value not found for 2500000.
Speed value not found for 2500000.
Speed value not found for 2500000.
Speed value not found for 2500000.
Speed value not found for 2500000.
Speed value not found for 2500000.
Speed value not found for 2500000.
Speed value not found for 2500000.
Speed value not found for 2500000.
Speed value not found for 2500000.
Speed value not found for 2500000.
Speed value not found for 2500000.
Speed value not found for 2500000.
Speed value not found for 2500000.
Speed value not found for 2500000.
Speed value not found for 2500000.
Speed value not found for 2500000.
Speed value not found for 2500000.
Speed value not found for 2500000.
Speed value not found for 2500000.
Speed value not found for 2500000.
Speed value not found for 2500000.
Speed value not found for 2500000.
Speed value not found for 2500000.
Speed value not found for 2500000.
Speed value not found for 2500000.
Speed value not found for 2500000.
Speed value not found for 2500000.
Speed value not found for 2500000.
Speed value not found for 2500000.
Speed value not found for 2500000.
Speed value not found for 2500000.
Speed value not found for 2500000.
Speed value not found for 2500000.
Speed value not found for 2500000.
Speed value not found for 2500000.
Speed value not found for 2500000.
Speed value not found for 2500000.
Speed value not found for 2500000.
Speed value not found for 2500000.
Speed value not found for 2500000.
Speed value not found for 2500000.
Speed value not found for 2500000.
Speed value not found for 2500000.
Speed value not found for 2500000.
Speed value not found for 2500000.
Speed value not found for 2500000.
Speed value not found for 2500000.
Speed value not found for 2500000.
Speed value not found for 2500000.
Speed value not found for 2500000.
Speed value not found for 2500000.
Speed value not found for 2500000.
Speed value not found for 2500000.
Speed value not found for 2500000.
Speed value not found for 2500000.
Speed value not found for 2500000.
Speed value not found for 2500000.
Speed value not found for 2500000.
Speed value not found for 2500000.
Speed value not found for 2500000.
Speed value not found for 2500000.
Speed value not found for 2500000.
Speed value not found for 2500000.
Speed value not found for 2500000.
Speed value not found for 2500000.
Speed value not found for 2500000.
Speed value not found for 2500000.
Speed value not found for 2500000.
Speed value not found for 2500000.
Speed value not found for 2500000.
Speed value not found for 2500000.
Speed value not found for 2500000.
Speed value not found for 2500000.
Speed value not found for 2500000.
Speed value not found for 2500000.
Speed value not found for 2500000.
Speed value not found for 2500000.
Speed value not found for 2500000.
Speed value not found for 2500000.
Speed value not found for 2500000.
Speed value not found for 2500000.
Speed value not found for 2500000.
Speed value not found for 2500000.
Speed value not found for 2500000.
Speed value not found for 2500000.
Speed value not found for 2500000.
Speed value not found for 2500000.
Speed value not found for 2500000.
Speed value not found for 2500000.
Speed value not found for 2500000.
Speed value not found for 2500000.
Speed value not found for 2500000.
Speed value not found for 2500000.
Speed value not found for 2500000.
Speed value not found for 2500000.
Speed value not found for 2500000.
Speed value not found for 2500000.
Speed value not found for 2500000.
Speed value not found for 2500000.
Speed value not found for 2500000.
Speed value not found for 2500000.
Speed value not found for 2500000.
Speed value not found for 2500000.
Speed value not found for 2500000.
Speed value not found for 2500000.
Speed value not found for 2500000.
Speed value not found for 2500000.
Speed value not found for 2500000.
Speed value not found for 2500000.
Speed value not found for 2500000.
Speed value not found for 2500000.
Speed value not found for 2500000.
Speed value not found for 2500000.
Speed value not found for 2500000.
Speed value not found for 2500000.
Speed value not found for 2500000.
Speed value not found for 2500000.
Speed value not found for 2500000.
Speed value not found for 2500000.
Speed value not found for 2500000.
Speed value not found for 2500000.
Speed value not found for 2500000.
Speed value not found for 2500000.
Speed value not found for 2500000.
Speed value not found for 2500000.
Speed value not found for 2500000.
Speed value not found for 2500000.
Speed value not found for 2500000.
Speed value not found for 2500000.
Speed value not found for 2500000.
Speed value not found for 2500000.
Speed value not found for 2500000.
Speed value not found for 2500000.
Speed value not found for 2500000.
Speed value not found for 2500000.
Speed value not found for 2500000.
Speed value not found for 2500000.
Speed value not found for 2500000.
Speed value not found for 2500000.
Speed value not found for 2500000.
Speed value not found for 2500000.
Speed value not found for 2500000.
Speed value not found for 2500000.
Speed value not found for 2500000.
Speed value not found for 2500000.
Speed value not found for 2500000.
Speed value not found for 2500000.
Speed value not found for 2500000.
Speed value not found for 2500000.
Speed value not found for 2500000.
Speed value not found for 2500000.
Speed value not found for 2500000.
Speed value not found for 2500000.
Speed value not found for 2500000.
Speed value not found for 2500000.
Speed value not found for 2500000.
Speed value not found for 2500000.
Speed value not found for 2500000.
Speed value not found for 2500000.
Speed value not found for 2500000.
Speed value not found for 2500000.
Speed value not found for 2500000.
Speed value not found for 2500000.
Speed value not found for 2500000.
Speed value not found for 2500000.
Speed value not found for 2500000.
Speed value not found for 2500000.
Speed value not found for 2500000.
Speed value not found for 2500000.
Speed value not found for 2500000.
Speed value not found for 2500000.
Speed value not found for 2500000.
Speed value not found for 2500000.
Speed value not found for 2500000.
Speed value not found for 2500000.
Speed value not found for 2500000.
Speed value not found for 2500000.
Speed value not found for 2500000.
Speed value not found for 2500000.
Speed value not found for 2500000.
Speed value not found for 2500000.
Speed value not found for 2500000.
Speed value not found for 2500000.
Speed value not found for 2500000.
Speed value not found for 2500000.
Speed value not found for 2500000.
Speed value not found for 2500000.
Speed value not found for 2500000.
Speed value not found for 2500000.
Speed value not found for 2500000.
Speed value not found for 2500000.
Speed value not found for 2500000.
Speed value not found for 2500000.
Speed value not found for 2500000.
Speed value not found for 2500000.
Speed value not found for 2500000.
Speed value not found for 2500000.
Speed value not found for 2500000.
Speed value not found for 2500000.
Speed value not found for 2500000.
Speed value not found for 2500000.
Speed value not found for 2500000.
Speed value not found for 2500000.
Speed value not found for 2500000.
Speed value not found for 2500000.
Speed value not found for 2500000.
Speed value not found for 2500000.
Speed value not found for 2500000.
Speed value not found for 2500000.
Speed value not found for 2500000.
Speed value not found for 2500000.
Speed value not found for 2500000.
Speed value not found for 2500000.
Speed value not found for 2500000.
Speed value not found for 2500000.
Speed value not found for 2500000.
Speed value not found for 2500000.
Speed value not found for 2500000.
Speed value not found for 2500000.
Speed value not found for 2500000.
Speed value not found for 2500000.
Speed value not found for 2500000.
Speed value not found for 2500000.
Speed value not found for 2500000.
Speed value not found for 2500000.
Speed value not found for 2500000.
Speed value not found for 2500000.
Speed value not found for 2500000.
Speed value not found for 2500000.
Speed value not found for 2500000.
Speed value not found for 2500000.
Speed value not found for 2500000.
Speed value not found for 2500000.
Speed value not found for 2500000.
Speed value not found for 2500000.
Speed value not found for 2500000.
Speed value not found for 2500000.
Speed value not found for 2500000.
Speed value not found for 2500000.
Speed value not found for 2500000.
Speed value not found for 2500000.
Speed value not found for 2500000.
Speed value not found for 2500000.
Speed value not found for 2500000.
Speed value not found for 2500000.
Speed value not found for 2500000.
Speed value not found for 2500000.
Speed value not found for 2500000.
Speed value not found for 2500000.
Speed value not found for 2500000.
Speed value not found for 2500000.
Speed value not found for 2500000.
Speed value not found for 2500000.
Speed value not found for 2500000.
Speed value not found for 2500000.
Speed value not found for 2500000.
Speed value not found for 2500000.
Speed value not found for 2500000.
Speed value not found for 2500000.
Speed value not found for 2500000.
Speed value not found for 2500000.
Speed value not found for 2500000.
Speed value not found for 2500000.
Speed value not found for 2500000.
Speed value not found for 2500000.
Speed value not found for 2500000.
Speed value not found for 2500000.
Speed value not found for 2500000.
Speed value not found for 2500000.
Speed value not found for 2500000.
Speed value not found for 2500000.
Speed value not found for 2500000.
Speed value not found for 2500000.
Speed value not found for 2500000.
Speed value not found for 2500000.
Speed value not found for 2500000.
Speed value not found for 2500000.
Speed value not found for 2500000.
Speed value not found for 2500000.
Speed value not found for 2500000.
Speed value not found for 2500000.
Speed value not found for 2500000.
Speed value not found for 2500000.
Speed value not found for 2500000.
Speed value not found for 2500000.
Speed value not found for 2500000.
Speed value not found for 2500000.
Speed value not found for 2500000.
Speed value not found for 2500000.
Speed value not found for 2500000.
Speed value not found for 2500000.
Speed value not found for 2500000.
Speed value not found for 2500000.
Speed value not found for 2500000.
Speed value not found for 2500000.
Speed value not found for 2500000.
Speed value not found for 2500000.
Speed value not found for 2500000.
Speed value not found for 2500000.
Speed value not found for 2500000.
Speed value not found for 2500000.
Speed value not found for 2500000.
Speed value not found for 2500000.
Speed value not found for 2500000.
Speed value not found for 2500000.
Speed value not found for 2500000.
Speed value not found for 2500000.
Speed value not found for 2500000.
Speed value not found for 2500000.
Speed value not found for 2500000.
Speed value not found for 2500000.
Speed value not found for 2500000.
Speed value not found for 2500000.
Speed value not found for 2500000.
Speed value not found for 2500000.
Speed value not found for 2500000.
Speed value not found for 2500000.
Speed value not found for 2500000.
Speed value not found for 2500000.
Speed value not found for 2500000.
Speed value not found for 2500000.
Speed value not found for 2500000.
Speed value not found for 2500000.
Speed value not found for 2500000.
Speed value not found for 2500000.
Speed value not found for 2500000.
Speed value not found for 2500000.
Speed value not found for 2500000.
Speed value not found for 2500000.
Speed value not found for 2500000.
Speed value not found for 2500000.
Speed value not found for 2500000.
Speed value not found for 2500000.
Speed value not found for 2500000.
Speed value not found for 2500000.
Speed value not found for 2500000.
Speed value not found for 2500000.
Speed value not found for 2500000.
Speed value not found for 2500000.
Speed value not found for 2500000.
Speed value not found for 2500000.
Speed value not found for 2500000.
Speed value not found for 2500000.
Speed value not found for 2500000.
Speed value not found for 2500000.
Speed value not found for 2500000.
Speed value not found for 2500000.
Speed value not found for 2500000.
Speed value not found for 2500000.
Speed value not found for 2500000.
Speed value not found for 2500000.
Speed value not found for 2500000.
Speed value not found for 2500000.
Speed value not found for 2500000.
Speed value not found for 2500000.
Speed value not found for 2500000.
Speed value not found for 2500000.
Speed value not found for 2500000.
Speed value not found for 2500000.
Speed value not found for 2500000.
Speed value not found for 2500000.
Speed value not found for 2500000.
Speed value not found for 2500000.
Speed value not found for 2500000.
Speed value not found for 2500000.
Speed value not found for 2500000.
Speed value not found for 2500000.
Speed value not found for 2500000.
Speed value not found for 2500000.
Speed value not found for 2500000.
Speed value not found for 2500000.
Speed value not found for 2500000.
Speed value not found for 2500000.
Speed value not found for 2500000.
Speed value not found for 2500000.
Speed value not found for 2500000.
Speed value not found for 2500000.
Speed value not found for 2500000.
Speed value not found for 2500000.
Speed value not found for 2500000.
Speed value not found for 2500000.
Speed value not found for 2500000.
Speed value not found for 2500000.
Speed value not found for 2500000.
Speed value not found for 2500000.
Speed value not found for 2500000.
Speed value not found for 2500000.
Speed value not found for 2500000.
Speed value not found for 2500000.
Speed value not found for 2500000.
Speed value not found for 2500000.
Speed value not found for 2500000.
Speed value not found for 2500000.
Speed value not found for 2500000.
Speed value not found for 2500000.
Speed value not found for 2500000.
Speed value not found for 2500000.
Speed value not found for 2500000.
Speed value not found for 2500000.
Speed value not found for 2500000.
Speed value not found for 2500000.
Speed value not found for 2500000.
Speed value not found for 2500000.
Speed value not found for 2500000.
Speed value not found for 2500000.
Speed value not found for 2500000.
Speed value not found for 2500000.
Speed value not found for 2500000.
Speed value not found for 2500000.
Speed value not found for 2500000.
Speed value not found for 2500000.
Speed value not found for 2500000.
Speed value not found for 2500000.
Speed value not found for 2500000.
Speed value not found for 2500000.
Speed value not found for 2500000.
Speed value not found for 2500000.
Speed value not found for 2500000.
Speed value not found for 2500000.
Speed value not found for 2500000.
Speed value not found for 2500000.
Speed value not found for 2500000.
Speed value not found for 2500000.
Speed value not found for 2500000.
Speed value not found for 2500000.
Speed value not found for 2500000.
Speed value not found for 2500000.
Speed value not found for 2500000.
Speed value not found for 2500000.
Speed value not found for 2500000.
Speed value not found for 2500000.
Speed value not found for 2500000.
Speed value not found for 2500000.
Speed value not found for 2500000.
Speed value not found for 2500000.
Speed value not found for 2500000.
Speed value not found for 2500000.
Speed value not found for 2500000.
Speed value not found for 2500000.
Speed value not found for 2500000.
Speed value not found for 2500000.
Speed value not found for 2500000.
Speed value not found for 2500000.
Speed value not found for 2500000.
Speed value not found for 2500000.
Speed value not found for 2500000.
Speed value not found for 2500000.
Speed value not found for 2500000.
Speed value not found for 2500000.
Speed value not found for 2500000.
Speed value not found for 2500000.
Speed value not found for 2500000.
Speed value not found for 2500000.
Speed value not found for 2500000.
Speed value not found for 2500000.
Speed value not found for 2500000.
Speed value not found for 2500000.
Speed value not found for 2500000.
Speed value not found for 2500000.
Speed value not found for 2500000.
Speed value not found for 2500000.
Speed value not found for 2500000.
Speed value not found for 2500000.
Speed value not found for 2500000.
Speed value not found for 2500000.
Speed value not found for 2500000.
Speed value not found for 2500000.
Speed value not found for 2500000.
Speed value not found for 2500000.
Speed value not found for 2500000.
Speed value not found for 2500000.
Speed value not found for 2500000.
Speed value not found for 2500000.
Speed value not found for 2500000.
Speed value not found for 2500000.
Speed value not found for 2500000.
Speed value not found for 2500000.
Speed value not found for 2500000.
Speed value not found for 2500000.
Speed value not found for 2500000.
Speed value not found for 2500000.
Speed value not found for 2500000.
Speed value not found for 2500000.
Speed value not found for 2500000.
Speed value not found for 2500000.
Speed value not found for 2500000.
Speed value not found for 2500000.
Speed value not found for 2500000.
Speed value not found for 2500000.
Speed value not found for 2500000.
Speed value not found for 2500000.
Speed value not found for 2500000.
Speed value not found for 2500000.
Speed value not found for 2500000.
Speed value not found for 2500000.
Speed value not found for 2500000.
Speed value not found for 2500000.
Speed value not found for 2500000.
Speed value not found for 2500000.
Speed value not found for 2500000.
Speed value not found for 2500000.
Speed value not found for 2500000.
Speed value not found for 2500000.
Speed value not found for 2500000.
Speed value not found for 2500000.
Speed value not found for 2500000.
Speed value not found for 2500000.
Speed value not found for 2500000.
Speed value not found for 2500000.
Speed value not found for 2500000.
Speed value not found for 2500000.
Speed value not found for 2500000.
Speed value not found for 2500000.
Speed value not found for 2500000.
Speed value not found for 2500000.
Speed value not found for 2500000.
Speed value not found for 2500000.
Speed value not found for 2500000.
Speed value not found for 2500000.
Speed value not found for 2500000.
Speed value not found for 2500000.
Speed value not found for 2500000.
Speed value not found for 2500000.
Speed value not found for 2500000.
Speed value not found for 2500000.
Speed value not found for 2500000.
Speed value not found for 2500000.
Speed value not found for 2500000.
Speed value not found for 2500000.
Speed value not found for 2500000.
Speed value not found for 2500000.
Speed value not found for 2500000.
Speed value not found for 2500000.
Speed value not found for 2500000.
Speed value not found for 2500000.
Speed value not found for 2500000.
Speed value not found for 2500000.
Speed value not found for 2500000.
Speed value not found for 2500000.
Speed value not found for 2500000.
Speed value not found for 2500000.
Speed value not found for 2500000.
Speed value not found for 2500000.
Speed value not found for 2500000.
Speed value not found for 2500000.
Speed value not found for 2500000.
Speed value not found for 2500000.
Speed value not found for 2500000.
Speed value not found for 2500000.
Speed value not found for 2500000.
Speed value not found for 2500000.
Speed value not found for 2500000.
Speed value not found for 2500000.
Speed value not found for 2500000.
Speed value not found for 2500000.
Speed value not found for 2500000.
Speed value not found for 2500000.
Speed value not found for 2500000.
Speed value not found for 2500000.
Speed value not found for 2500000.
Speed value not found for 2500000.
Speed value not found for 2500000.
Speed value not found for 2500000.
Speed value not found for 2500000.
Speed value not found for 2500000.
Speed value not found for 2500000.
Speed value not found for 2500000.
Speed value not found for 2500000.
Speed value not found for 2500000.
Speed value not found for 2500000.
Speed value not found for 2500000.
Speed value not found for 2500000.
Speed value not found for 2500000.
Speed value not found for 2500000.
Speed value not found for 2500000.
Speed value not found for 2500000.
Speed value not found for 2500000.
Speed value not found for 2500000.
Speed value not found for 2500000.
Speed value not found for 2500000.
Speed value not found for 2500000.
Speed value not found for 2500000.
Speed value not found for 2500000.
Speed value not found for 2500000.
Speed value not found for 2500000.
Speed value not found for 2500000.
Speed value not found for 2500000.
Speed value not found for 2500000.
Speed value not found for 2500000.
Speed value not found for 2500000.
Speed value not found for 2500000.
Speed value not found for 2500000.
Speed value not found for 2500000.
Speed value not found for 2500000.
Speed value not found for 2500000.
Speed value not found for 2500000.
Speed value not found for 2500000.
Speed value not found for 2500000.
Speed value not found for 2500000.
Speed value not found for 2500000.
Speed value not found for 2500000.
Speed value not found for 2500000.
Speed value not found for 2500000.
Speed value not found for 2500000.
Speed value not found for 2500000.
Speed value not found for 2500000.
Speed value not found for 2500000.
Speed value not found for 2500000.
Speed value not found for 2500000.
Speed value not found for 2500000.
Speed value not found for 2500000.
Speed value not found for 2500000.
Speed value not found for 2500000.
Speed value not found for 2500000.
Speed value not found for 2500000.
Speed value not found for 2500000.
Speed value not found for 2500000.
Speed value not found for 2500000.
Speed value not found for 2500000.
Speed value not found for 2500000.
Speed value not found for 2500000.
Speed value not found for 2500000.
Speed value not found for 2500000.
Speed value not found for 2500000.
Speed value not found for 2500000.
Speed value not found for 2500000.
Speed value not found for 2500000.
Speed value not found for 2500000.
Speed value not found for 2500000.
Speed value not found for 2500000.
Speed value not found for 2500000.
Speed value not found for 2500000.
Speed value not found for 2500000.
Speed value not found for 2500000.
Speed value not found for 2500000.
Speed value not found for 2500000.
Speed value not found for 2500000.
Speed value not found for 2500000.
Speed value not found for 2500000.
Speed value not found for 2500000.
Speed value not found for 2500000.
Speed value not found for 2500000.
Speed value not found for 2500000.
Speed value not found for 2500000.
Speed value not found for 2500000.
Speed value not found for 2500000.
Speed value not found for 2500000.
Speed value not found for 2500000.
Speed value not found for 2500000.
Speed value not found for 2500000.
Speed value not found for 2500000.
Speed value not found for 2500000.
Speed value not found for 2500000.
Speed value not found for 2500000.
Speed value not found for 2500000.
Speed value not found for 2500000.
Speed value not found for 2500000.
Speed value not found for 2500000.
Speed value not found for 2500000.
Speed value not found for 2500000.
Speed value not found for 2500000.
Speed value not found for 2500000.
Speed value not found for 2500000.
Speed value not found for 2500000.
Speed value not found for 2500000.
Speed value not found for 2500000.
Speed value not found for 2500000.
Speed value not found for 2500000.
Speed value not found for 2500000.
Speed value not found for 2500000.
Speed value not found for 2500000.
Speed value not found for 2500000.
Speed value not found for 2500000.
Speed value not found for 2500000.
Speed value not found for 2500000.
Speed value not found for 2500000.
Speed value not found for 2500000.
Speed value not found for 2500000.
Speed value not found for 2500000.
Speed value not found for 2500000.
Speed value not found for 2500000.
Speed value not found for 2500000.
Speed value not found for 2500000.
Speed value not found for 2500000.
Speed value not found for 2500000.
done.
Speed value not found for 2500000.
Speed value not found for 2500000.
Speed value not found for 2500000.
Speed value not found for 2500000.
'1': Putting device in ISP mode...done.
Speed value not found for 2500000.
Speed value not found for 2500000.
Speed value not found for 2500000.
Speed value not found for 2500000.
Speed value not found for 2500000.
Speed value not found for 2500000.
Speed value not found for 2500000.
Speed value not found for 2500000.
'1': Putting device in ISP mode...done.
'1': Verifying device...Speed value not found for 2500000.
Speed value not found for 2500000.
Speed value not found for 2500000.
Speed value not found for 2500000.
Speed value not found for 2500000.
Speed value not found for 2500000.
Speed value not found for 2500000.
Speed value not found for 2500000.
Speed value not found for 2500000.
Speed value not found for 2500000.
Speed value not found for 2500000.
Speed value not found for 2500000.
Speed value not found for 2500000.
Speed value not found for 2500000.
Speed value not found for 2500000.
Speed value not found for 2500000.
Speed value not found for 2500000.
Speed value not found for 2500000.
Speed value not found for 2500000.
Speed value not found for 2500000.
Speed value not found for 2500000.
Speed value not found for 2500000.
Speed value not found for 2500000.
Speed value not found for 2500000.
Speed value not found for 2500000.
Speed value not found for 2500000.
Speed value not found for 2500000.
Speed value not found for 2500000.
Speed value not found for 2500000.
Speed value not found for 2500000.
Speed value not found for 2500000.
Speed value not found for 2500000.
Speed value not found for 2500000.
Speed value not found for 2500000.
Speed value not found for 2500000.
Speed value not found for 2500000.
Speed value not found for 2500000.
Speed value not found for 2500000.
Speed value not found for 2500000.
Speed value not found for 2500000.
Speed value not found for 2500000.
Speed value not found for 2500000.
Speed value not found for 2500000.
Speed value not found for 2500000.
Speed value not found for 2500000.
Speed value not found for 2500000.
Speed value not found for 2500000.
Speed value not found for 2500000.
Speed value not found for 2500000.
Speed value not found for 2500000.
Speed value not found for 2500000.
Speed value not found for 2500000.
Speed value not found for 2500000.
Speed value not found for 2500000.
Speed value not found for 2500000.
Speed value not found for 2500000.
Speed value not found for 2500000.
Speed value not found for 2500000.
Speed value not found for 2500000.
Speed value not found for 2500000.
Speed value not found for 2500000.
Speed value not found for 2500000.
Speed value not found for 2500000.
Speed value not found for 2500000.
Speed value not found for 2500000.
Speed value not found for 2500000.
Speed value not found for 2500000.
Speed value not found for 2500000.
Speed value not found for 2500000.
Speed value not found for 2500000.
Speed value not found for 2500000.
Speed value not found for 2500000.
Speed value not found for 2500000.
Speed value not found for 2500000.
Speed value not found for 2500000.
Speed value not found for 2500000.
Speed value not found for 2500000.
Speed value not found for 2500000.
Speed value not found for 2500000.
Speed value not found for 2500000.
Speed value not found for 2500000.
Speed value not found for 2500000.
Speed value not found for 2500000.
Speed value not found for 2500000.
Speed value not found for 2500000.
Speed value not found for 2500000.
Speed value not found for 2500000.
Speed value not found for 2500000.
Speed value not found for 2500000.
Speed value not found for 2500000.
Speed value not found for 2500000.
Speed value not found for 2500000.
Speed value not found for 2500000.
Speed value not found for 2500000.
Speed value not found for 2500000.
Speed value not found for 2500000.
Speed value not found for 2500000.
Speed value not found for 2500000.
Speed value not found for 2500000.
Speed value not found for 2500000.
Speed value not found for 2500000.
Speed value not found for 2500000.
Speed value not found for 2500000.
Speed value not found for 2500000.
Speed value not found for 2500000.
Speed value not found for 2500000.
Speed value not found for 2500000.
Speed value not found for 2500000.
Speed value not found for 2500000.
Speed value not found for 2500000.
Speed value not found for 2500000.
Speed value not found for 2500000.
Speed value not found for 2500000.
Speed value not found for 2500000.
Speed value not found for 2500000.
Speed value not found for 2500000.
Speed value not found for 2500000.
Speed value not found for 2500000.
Speed value not found for 2500000.
Speed value not found for 2500000.
Speed value not found for 2500000.
Speed value not found for 2500000.
Speed value not found for 2500000.
Speed value not found for 2500000.
Speed value not found for 2500000.
Speed value not found for 2500000.
Speed value not found for 2500000.
Speed value not found for 2500000.
Speed value not found for 2500000.
Speed value not found for 2500000.
Speed value not found for 2500000.
Speed value not found for 2500000.
Speed value not found for 2500000.
Speed value not found for 2500000.
Speed value not found for 2500000.
Speed value not found for 2500000.
Speed value not found for 2500000.
Speed value not found for 2500000.
Speed value not found for 2500000.
Speed value not found for 2500000.
Speed value not found for 2500000.
Speed value not found for 2500000.
Speed value not found for 2500000.
Speed value not found for 2500000.
Speed value not found for 2500000.
Speed value not found for 2500000.
Speed value not found for 2500000.
Speed value not found for 2500000.
Speed value not found for 2500000.
Speed value not found for 2500000.
Speed value not found for 2500000.
Speed value not found for 2500000.
Speed value not found for 2500000.
Speed value not found for 2500000.
Speed value not found for 2500000.
Speed value not found for 2500000.
Speed value not found for 2500000.
Speed value not found for 2500000.
Speed value not found for 2500000.
Speed value not found for 2500000.
Speed value not found for 2500000.
Speed value not found for 2500000.
Speed value not found for 2500000.
Speed value not found for 2500000.
Speed value not found for 2500000.
Speed value not found for 2500000.
Speed value not found for 2500000.
Speed value not found for 2500000.
Speed value not found for 2500000.
Speed value not found for 2500000.
Speed value not found for 2500000.
Speed value not found for 2500000.
Speed value not found for 2500000.
Speed value not found for 2500000.
Speed value not found for 2500000.
Speed value not found for 2500000.
Speed value not found for 2500000.
Speed value not found for 2500000.
Speed value not found for 2500000.
Speed value not found for 2500000.
Speed value not found for 2500000.
Speed value not found for 2500000.
Speed value not found for 2500000.
Speed value not found for 2500000.
Speed value not found for 2500000.
Speed value not found for 2500000.
Speed value not found for 2500000.
Speed value not found for 2500000.
Speed value not found for 2500000.
Speed value not found for 2500000.
Speed value not found for 2500000.
Speed value not found for 2500000.
Speed value not found for 2500000.
Speed value not found for 2500000.
Speed value not found for 2500000.
Speed value not found for 2500000.
Speed value not found for 2500000.
Speed value not found for 2500000.
Speed value not found for 2500000.
Speed value not found for 2500000.
Speed value not found for 2500000.
Speed value not found for 2500000.
Speed value not found for 2500000.
Speed value not found for 2500000.
Speed value not found for 2500000.
Speed value not found for 2500000.
Speed value not found for 2500000.
Speed value not found for 2500000.
Speed value not found for 2500000.
Speed value not found for 2500000.
Speed value not found for 2500000.
Speed value not found for 2500000.
Speed value not found for 2500000.
Speed value not found for 2500000.
Speed value not found for 2500000.
Speed value not found for 2500000.
Speed value not found for 2500000.
Speed value not found for 2500000.
Speed value not found for 2500000.
Speed value not found for 2500000.
Speed value not found for 2500000.
Speed value not found for 2500000.
Speed value not found for 2500000.
Speed value not found for 2500000.
Speed value not found for 2500000.
Speed value not found for 2500000.
Speed value not found for 2500000.
Speed value not found for 2500000.
Speed value not found for 2500000.
Speed value not found for 2500000.
Speed value not found for 2500000.
Speed value not found for 2500000.
Speed value not found for 2500000.
Speed value not found for 2500000.
Speed value not found for 2500000.
Speed value not found for 2500000.
Speed value not found for 2500000.
Speed value not found for 2500000.
Speed value not found for 2500000.
Speed value not found for 2500000.
Speed value not found for 2500000.
Speed value not found for 2500000.
Speed value not found for 2500000.
Speed value not found for 2500000.
Speed value not found for 2500000.
Speed value not found for 2500000.
Speed value not found for 2500000.
Speed value not found for 2500000.
Speed value not found for 2500000.
Speed value not found for 2500000.
Speed value not found for 2500000.
Speed value not found for 2500000.
Speed value not found for 2500000.
Speed value not found for 2500000.
Speed value not found for 2500000.
Speed value not found for 2500000.
Speed value not found for 2500000.
Speed value not found for 2500000.
Speed value not found for 2500000.
Speed value not found for 2500000.
Speed value not found for 2500000.
Speed value not found for 2500000.
Speed value not found for 2500000.
Speed value not found for 2500000.
Speed value not found for 2500000.
Speed value not found for 2500000.
Speed value not found for 2500000.
Speed value not found for 2500000.
Speed value not found for 2500000.
Speed value not found for 2500000.
Speed value not found for 2500000.
Speed value not found for 2500000.
Speed value not found for 2500000.
Speed value not found for 2500000.
Speed value not found for 2500000.
Speed value not found for 2500000.
Speed value not found for 2500000.
Speed value not found for 2500000.
Speed value not found for 2500000.
Speed value not found for 2500000.
Speed value not found for 2500000.
Speed value not found for 2500000.
Speed value not found for 2500000.
Speed value not found for 2500000.
Speed value not found for 2500000.
Speed value not found for 2500000.
Speed value not found for 2500000.
Speed value not found for 2500000.
Speed value not found for 2500000.
Speed value not found for 2500000.
Speed value not found for 2500000.
Speed value not found for 2500000.
Speed value not found for 2500000.
Speed value not found for 2500000.
Speed value not found for 2500000.
Speed value not found for 2500000.
Speed value not found for 2500000.
Speed value not found for 2500000.
Speed value not found for 2500000.
Speed value not found for 2500000.
Speed value not found for 2500000.
Speed value not found for 2500000.
Speed value not found for 2500000.
Speed value not found for 2500000.
Speed value not found for 2500000.
Speed value not found for 2500000.
Speed value not found for 2500000.
Speed value not found for 2500000.
Speed value not found for 2500000.
Speed value not found for 2500000.
Speed value not found for 2500000.
Speed value not found for 2500000.
Speed value not found for 2500000.
Speed value not found for 2500000.
Speed value not found for 2500000.
Speed value not found for 2500000.
Speed value not found for 2500000.
Speed value not found for 2500000.
Speed value not found for 2500000.
Speed value not found for 2500000.
Speed value not found for 2500000.
Speed value not found for 2500000.
Speed value not found for 2500000.
Speed value not found for 2500000.
Speed value not found for 2500000.
Speed value not found for 2500000.
Speed value not found for 2500000.
Speed value not found for 2500000.
Speed value not found for 2500000.
Speed value not found for 2500000.
Speed value not found for 2500000.
Speed value not found for 2500000.
Speed value not found for 2500000.
Speed value not found for 2500000.
Speed value not found for 2500000.
Speed value not found for 2500000.
Speed value not found for 2500000.
Speed value not found for 2500000.
Speed value not found for 2500000.
Speed value not found for 2500000.
Speed value not found for 2500000.
Speed value not found for 2500000.
Speed value not found for 2500000.
Speed value not found for 2500000.
Speed value not found for 2500000.
Speed value not found for 2500000.
Speed value not found for 2500000.
Speed value not found for 2500000.
Speed value not found for 2500000.
Speed value not found for 2500000.
Speed value not found for 2500000.
Speed value not found for 2500000.
Speed value not found for 2500000.
Speed value not found for 2500000.
Speed value not found for 2500000.
Speed value not found for 2500000.
Speed value not found for 2500000.
Speed value not found for 2500000.
Speed value not found for 2500000.
Speed value not found for 2500000.
Speed value not found for 2500000.
Speed value not found for 2500000.
Speed value not found for 2500000.
Speed value not found for 2500000.
Speed value not found for 2500000.
Speed value not found for 2500000.
Speed value not found for 2500000.
Speed value not found for 2500000.
Speed value not found for 2500000.
Speed value not found for 2500000.
Speed value not found for 2500000.
Speed value not found for 2500000.
Speed value not found for 2500000.
Speed value not found for 2500000.
Speed value not found for 2500000.
Speed value not found for 2500000.
Speed value not found for 2500000.
Speed value not found for 2500000.
Speed value not found for 2500000.
Speed value not found for 2500000.
Speed value not found for 2500000.
Speed value not found for 2500000.
Speed value not found for 2500000.
Speed value not found for 2500000.
Speed value not found for 2500000.
Speed value not found for 2500000.
Speed value not found for 2500000.
Speed value not found for 2500000.
Speed value not found for 2500000.
Speed value not found for 2500000.
Speed value not found for 2500000.
Speed value not found for 2500000.
Speed value not found for 2500000.
Speed value not found for 2500000.
Speed value not found for 2500000.
Speed value not found for 2500000.
Speed value not found for 2500000.
Speed value not found for 2500000.
Speed value not found for 2500000.
Speed value not found for 2500000.
Speed value not found for 2500000.
Speed value not found for 2500000.
Speed value not found for 2500000.
Speed value not found for 2500000.
Speed value not found for 2500000.
Speed value not found for 2500000.
Speed value not found for 2500000.
Speed value not found for 2500000.
Speed value not found for 2500000.
Speed value not found for 2500000.
Speed value not found for 2500000.
Speed value not found for 2500000.
Speed value not found for 2500000.
Speed value not found for 2500000.
Speed value not found for 2500000.
Speed value not found for 2500000.
Speed value not found for 2500000.
Speed value not found for 2500000.
Speed value not found for 2500000.
Speed value not found for 2500000.
Speed value not found for 2500000.
Speed value not found for 2500000.
Speed value not found for 2500000.
Speed value not found for 2500000.
Speed value not found for 2500000.
Speed value not found for 2500000.
Speed value not found for 2500000.
Speed value not found for 2500000.
Speed value not found for 2500000.
Speed value not found for 2500000.
Speed value not found for 2500000.
Speed value not found for 2500000.
Speed value not found for 2500000.
Speed value not found for 2500000.
Speed value not found for 2500000.
Speed value not found for 2500000.
Speed value not found for 2500000.
Speed value not found for 2500000.
Speed value not found for 2500000.
Speed value not found for 2500000.
Speed value not found for 2500000.
Speed value not found for 2500000.
Speed value not found for 2500000.
Speed value not found for 2500000.
Speed value not found for 2500000.
Speed value not found for 2500000.
Speed value not found for 2500000.
Speed value not found for 2500000.
Speed value not found for 2500000.
Speed value not found for 2500000.
Speed value not found for 2500000.
Speed value not found for 2500000.
Speed value not found for 2500000.
Speed value not found for 2500000.
Speed value not found for 2500000.
Speed value not found for 2500000.
Speed value not found for 2500000.
Speed value not found for 2500000.
Speed value not found for 2500000.
Speed value not found for 2500000.
Speed value not found for 2500000.
Speed value not found for 2500000.
Speed value not found for 2500000.
Speed value not found for 2500000.
Speed value not found for 2500000.
Speed value not found for 2500000.
Speed value not found for 2500000.
Speed value not found for 2500000.
Speed value not found for 2500000.
Speed value not found for 2500000.
Speed value not found for 2500000.
Speed value not found for 2500000.
Speed value not found for 2500000.
Speed value not found for 2500000.
Speed value not found for 2500000.
Speed value not found for 2500000.
Speed value not found for 2500000.
Speed value not found for 2500000.
Speed value not found for 2500000.
Speed value not found for 2500000.
Speed value not found for 2500000.
Speed value not found for 2500000.
Speed value not found for 2500000.
Speed value not found for 2500000.
Speed value not found for 2500000.
Speed value not found for 2500000.
Speed value not found for 2500000.
Speed value not found for 2500000.
Speed value not found for 2500000.
Speed value not found for 2500000.
Speed value not found for 2500000.
Speed value not found for 2500000.
Speed value not found for 2500000.
Speed value not found for 2500000.
Speed value not found for 2500000.
Speed value not found for 2500000.
Speed value not found for 2500000.
Speed value not found for 2500000.
Speed value not found for 2500000.
Speed value not found for 2500000.
Speed value not found for 2500000.
Speed value not found for 2500000.
Speed value not found for 2500000.
Speed value not found for 2500000.
Speed value not found for 2500000.
Speed value not found for 2500000.
Speed value not found for 2500000.
Speed value not found for 2500000.
Speed value not found for 2500000.
Speed value not found for 2500000.
Speed value not found for 2500000.
Speed value not found for 2500000.
done.
'1': Verification completed successfully.
'1': Calculated checksum matches expected checksum, 0021d3f47
Speed value not found for 2500000.
Speed value not found for 2500000.
Speed value not found for 2500000.
Speed value not found for 2500000.
Speed value not found for 2500000.
Speed value not found for 2500000.
Speed value not found for 2500000.
Speed value not found for 2500000.
'1': Putting device in ISP mode...done.
'1': Setting user-programmable bits...
Speed value not found for 2500000.
Speed value not found for 2500000.
Speed value not found for 2500000.
done.
Speed value not found for 2500000.
Speed value not found for 2500000.
Speed value not found for 2500000.
Speed value not found for 2500000.
Speed value not found for 2500000.
Speed value not found for 2500000.
Speed value not found for 2500000.
Speed value not found for 2500000.
Speed value not found for 2500000.
'1': Starting FPGA Load with Prom Data...INFO:iMPACT:563 - '1':Please ensure proper connections as specified by the data book ...
Speed value not found for 2500000.
'1': Programming completed successfully.
PROGRESS_END - End Operation.
Elapsed time =     15 sec.
*****   Closing iMPACT program.   *****
----------------------------------------------------------------------
----------------------------------------------------------------------
