iMPACT Version: G.23
iMPACT log file Started on 2013/06/04 15:00:29
// *** BATCH CMD : setPreference -pref UserLevel:NOVICE
// *** BATCH CMD : setPreference -pref MessageLevel:DETAILED
// *** BATCH CMD : setPreference -pref ConcurrentMode:FALSE
// *** BATCH CMD : setPreference -pref UseHighz:FALSE
// *** BATCH CMD : setPreference -pref ConfigOnFailure:STOP
// *** BATCH CMD : setPreference -pref StartupCLock:AUTO_CORRECTION
// *** BATCH CMD : setPreference -pref AutoSignature:FALSE
// *** BATCH CMD : setPreference -pref KeepSVF:FALSE
// *** BATCH CMD : setPreference -pref svfUseTime:FALSE
// *** BATCH CMD : setPreference -pref UserLevel:NOVICE
// *** BATCH CMD : setPreference -pref MessageLevel:DETAILED
// *** BATCH CMD : setPreference -pref ConcurrentMode:FALSE
// *** BATCH CMD : setPreference -pref UseHighz:FALSE
// *** BATCH CMD : setPreference -pref ConfigOnFailure:STOP
// *** BATCH CMD : setPreference -pref StartupCLock:AUTO_CORRECTION
// *** BATCH CMD : setPreference -pref AutoSignature:FALSE
// *** BATCH CMD : setPreference -pref KeepSVF:FALSE
// *** BATCH CMD : setPreference -pref svfUseTime:FALSE
// *** BATCH CMD : setMode -pff
// *** BATCH CMD : setMode -pff
// *** BATCH CMD : setMode -pff
// *** BATCH CMD : setSubmode -pffserial
// *** BATCH CMD : setAttribute -configdevice -attr name -value "PFFConfigDevice"
// *** BATCH CMD : setAttribute -configdevice -attr size -value "0"
// *** BATCH CMD : addCollection -name "Chrono32c"
// *** BATCH CMD : setAttribute -collection -attr dir -value "UP"
// *** BATCH CMD : addDesign -version 0 -name "0000"
// *** BATCH CMD : addDeviceChain -index 0
// *** BATCH CMD : addDevice -position 1 -file "E:\P\TDC\2013\Chrono32C_FPGA_R2\chrono32c.bit"
'1': Loading file 'E:\P\TDC\2013\Chrono32C_FPGA_R2\chrono32c.bit' ...
INFO:iMPACT - Elapsed time =      0 sec.
done.
INFO:iMPACT:501 - '1': Added Device xc2s200 successfully.
----------------------------------------------------------------------
----------------------------------------------------------------------
GUI --- Add one device.
// *** BATCH CMD : setMode -pff
Collection : Chrono32c
Design : 0
Device Chain : 0
----------------------------------------------------------------------
Position	PartName       	FileName            
1       	xc2s200        	E:\P\TDC\2013\Chrono32C_FPGA_R2\chrono32c.bit
----------------------------------------------------------------------
// *** BATCH CMD : setAttribute -configdevice -attr fillValue -value "FF"
// *** BATCH CMD : setAttribute -configdevice -attr fileFormat -value "mcs"
// *** BATCH CMD : setAttribute -collection -attr dir -value "UP"
// *** BATCH CMD : setAttribute -configdevice -attr path -value "e:\p\tdc\2013\chrono32c_fpga_r2/"
// *** BATCH CMD : setAttribute -collection -attr name -value "Chrono32c"
// *** BATCH CMD : generate -generic
'1': Added Device xc17v01 successfully.
----------------------------------------------------------------------
----------------------------------------------------------------------
Generating Prom file using the following auto generated Prom(s):
xc17v01
----------------------------------------------------------------------
0x28c44 (166980) bytes loaded up from 0x0
Using user-specified prom size of 205K
Writing file "e:\p\tdc\2013\chrono32c_fpga_r2//Chrono32c.mcs".
Writing file "e:\p\tdc\2013\chrono32c_fpga_r2//Chrono32c.prm".
Writing file "e:\p\tdc\2013\chrono32c_fpga_r2//Chrono32c.sig".
GUI --- Total configuration bit size = 1335840 bits.
GUI --- Total configuration byte size = 166980 bytes.
*****   Closing iMPACT program.   *****
