Post Processor Report
OrCAD FILE: E:\MUSHTAQ PCB\SAJJAD HUSSAIN\CHRONO32C\CHRONO32C_MC_R1\MC_BOARD3-53.MAX
Wed Sep 19 14:03:55 2012

*********************************************************

Output file: E:\MUSHTAQ PCB\SAJJAD HUSSAIN\CHRONO32C\CHRONO32C_MC_R1\MC_BOARD3-53.TOP

Aperture totals for E:\MUSHTAQ PCB\SAJJAD HUSSAIN\CHRONO32C\CHRONO32C_MC_R1\MC_BOARD3-53.TOP:
---------------------------------------------------------
D10:  0.1370 ROUND  --       0 Draws,       6 Flashes
D11:  0.1000 x 0.0510 RECTANGLE -----       1 Flashes
D12:  0.1000 x 0.0350 RECTANGLE -----       2 Flashes
D13:  0.1400 x 0.1600 RECTANGLE -----       2 Flashes
D14:  0.0500 SQUARE --       0 Draws,      80 Flashes
D15:  0.0500 x 0.0520 RECTANGLE -----      12 Flashes
D16:  0.0520 x 0.0500 RECTANGLE -----      12 Flashes
D17:  0.1050 x 0.1200 RECTANGLE -----       8 Flashes
D18:  0.0800 SQUARE --       0 Draws,      16 Flashes
D19:  0.0700 ROUND  --       0 Draws,      12 Flashes
D20:  0.0700 SQUARE --       0 Draws,       4 Flashes
D21:  0.0600 ROUND  --       0 Draws,      64 Flashes
D22:  0.0600 SQUARE --       0 Draws,      10 Flashes
D23:  0.0197 x 0.1575 RECTANGLE -----      20 Flashes
D24:  0.1200 x 0.0200 OBLONG    -----      17 Flashes
D25:  0.1200 x 0.0200 RECTANGLE -----      17 Flashes
D26:  0.0200 x 0.1200 RECTANGLE -----      28 Flashes
D27:  0.0940 x 0.0250 RECTANGLE -----      32 Flashes
D28:  0.1600 x 0.0201 RECTANGLE -----      18 Flashes
D29:  0.0240 x 0.1700 OBLONG    -----      20 Flashes
D30:  0.1700 x 0.0240 OBLONG    -----      20 Flashes
D31:  0.1700 x 0.0240 RECTANGLE -----       2 Flashes
D32:  0.0240 x 0.1700 RECTANGLE -----       2 Flashes
D33:  0.2000 x 0.0830 RECTANGLE -----       2 Flashes
D34:  0.3000 x 0.1500 RECTANGLE -----       1 Flashes
D35:  0.1500 x 0.0600 RECTANGLE -----       2 Flashes
D36:  0.0420 ROUND  --       0 Draws,       2 Flashes
D37:  0.0010 ROUND  --   16365 Draws,       0 Flashes
D38:  0.0150 ROUND  --      66 Draws,       0 Flashes
D39:  0.0100 ROUND  --    1135 Draws,       0 Flashes
D40:  0.0420 ROUND  --       0 Draws,     101 Flashes
D41:  0.0120 ROUND  --      52 Draws,       0 Flashes
D42:  0.0200 ROUND  --      24 Draws,       0 Flashes
D43:  0.0300 ROUND  --       5 Draws,       0 Flashes
D44:  0.0500 ROUND  --      16 Draws,       0 Flashes
---------------------------------------------------------
 35 D-Codes      -----   17663 Draws,     513 Flashes

*********************************************************

Output file: E:\MUSHTAQ PCB\SAJJAD HUSSAIN\CHRONO32C\CHRONO32C_MC_R1\MC_BOARD3-53.BOT

Aperture totals for E:\MUSHTAQ PCB\SAJJAD HUSSAIN\CHRONO32C\CHRONO32C_MC_R1\MC_BOARD3-53.BOT:
---------------------------------------------------------
D38:  0.0150 ROUND  --       1 Draws,       0 Flashes
D39:  0.0100 ROUND  --     165 Draws,       0 Flashes
D40:  0.0420 ROUND  --       0 Draws,      99 Flashes
D41:  0.0120 ROUND  --      29 Draws,       0 Flashes
D42:  0.0200 ROUND  --       8 Draws,       0 Flashes
D45:  0.1370 ROUND  --       0 Draws,       6 Flashes
D46:  0.0800 SQUARE --       0 Draws,       4 Flashes
D47:  0.0520 x 0.0500 RECTANGLE -----       2 Flashes
D48:  0.0500 x 0.0520 RECTANGLE -----       6 Flashes
D49:  0.0430 x 0.0350 RECTANGLE -----       6 Flashes
D50:  0.0700 ROUND  --       0 Draws,      12 Flashes
D51:  0.0700 SQUARE --       0 Draws,       4 Flashes
D52:  0.0600 ROUND  --       0 Draws,      64 Flashes
D53:  0.0600 SQUARE --       0 Draws,      10 Flashes
D54:  0.0500 SQUARE --       0 Draws,       2 Flashes
D55:  0.0420 ROUND  --       0 Draws,       2 Flashes
D56:  0.0420 ROUND  --       0 Draws,       2 Flashes
---------------------------------------------------------
 17 D-Codes      -----     203 Draws,     219 Flashes

*********************************************************

Output file: E:\MUSHTAQ PCB\SAJJAD HUSSAIN\CHRONO32C\CHRONO32C_MC_R1\MC_BOARD3-53.IN1

Aperture totals for E:\MUSHTAQ PCB\SAJJAD HUSSAIN\CHRONO32C\CHRONO32C_MC_R1\MC_BOARD3-53.IN1:
---------------------------------------------------------
D37:  0.0010 ROUND  --   44694 Draws,       0 Flashes
D38:  0.0150 ROUND  --     340 Draws,       0 Flashes
D39:  0.0100 ROUND  --     629 Draws,       0 Flashes
D45:  0.1370 ROUND  --       0 Draws,       6 Flashes
D50:  0.0700 ROUND  --       0 Draws,      12 Flashes
D51:  0.0700 SQUARE --       0 Draws,       4 Flashes
D52:  0.0600 ROUND  --       0 Draws,      64 Flashes
D53:  0.0600 SQUARE --       0 Draws,      10 Flashes
D57:  0.0500 ROUND  --       0 Draws,       2 Flashes
D58:  0.0500 ROUND  --       0 Draws,      71 Flashes
D59:  0.0500 ROUND  --       0 Draws,      30 Flashes
---------------------------------------------------------
 11 D-Codes      -----   45663 Draws,     199 Flashes

*********************************************************

Output file: E:\MUSHTAQ PCB\SAJJAD HUSSAIN\CHRONO32C\CHRONO32C_MC_R1\MC_BOARD3-53.IN2

Aperture totals for E:\MUSHTAQ PCB\SAJJAD HUSSAIN\CHRONO32C\CHRONO32C_MC_R1\MC_BOARD3-53.IN2:
---------------------------------------------------------
D37:  0.0010 ROUND  --   44725 Draws,       0 Flashes
D38:  0.0150 ROUND  --     192 Draws,       0 Flashes
D39:  0.0100 ROUND  --     626 Draws,       0 Flashes
D45:  0.1370 ROUND  --       0 Draws,       6 Flashes
D50:  0.0700 ROUND  --       0 Draws,      12 Flashes
D51:  0.0700 SQUARE --       0 Draws,       4 Flashes
D52:  0.0600 ROUND  --       0 Draws,      64 Flashes
D53:  0.0600 SQUARE --       0 Draws,      10 Flashes
D57:  0.0500 ROUND  --       0 Draws,       2 Flashes
D58:  0.0500 ROUND  --       0 Draws,      71 Flashes
D59:  0.0500 ROUND  --       0 Draws,      30 Flashes
---------------------------------------------------------
 11 D-Codes      -----   45543 Draws,     199 Flashes

*********************************************************

Output file: E:\MUSHTAQ PCB\SAJJAD HUSSAIN\CHRONO32C\CHRONO32C_MC_R1\MC_BOARD3-53.SMT

Aperture totals for E:\MUSHTAQ PCB\SAJJAD HUSSAIN\CHRONO32C\CHRONO32C_MC_R1\MC_BOARD3-53.SMT:
---------------------------------------------------------
D45:  0.1370 ROUND  --       0 Draws,       6 Flashes
D46:  0.0800 SQUARE --       0 Draws,      20 Flashes
D47:  0.0520 x 0.0500 RECTANGLE -----      12 Flashes
D48:  0.0500 x 0.0520 RECTANGLE -----      12 Flashes
D54:  0.0500 SQUARE --       0 Draws,      80 Flashes
D60:  0.1000 x 0.0510 RECTANGLE -----       1 Flashes
D61:  0.1000 x 0.0350 RECTANGLE -----       2 Flashes
D62:  0.1400 x 0.1600 RECTANGLE -----       2 Flashes
D63:  0.1050 x 0.1200 RECTANGLE -----       8 Flashes
D64:  0.0800 ROUND  --       0 Draws,      12 Flashes
D65:  0.0650 ROUND  --       0 Draws,      64 Flashes
D66:  0.0650 SQUARE --       0 Draws,      10 Flashes
D67:  0.0197 x 0.1575 RECTANGLE -----      20 Flashes
D68:  0.1200 x 0.0200 OBLONG    -----      17 Flashes
D69:  0.1200 x 0.0200 RECTANGLE -----      17 Flashes
D70:  0.0200 x 0.1200 RECTANGLE -----      28 Flashes
D71:  0.0940 x 0.0250 RECTANGLE -----      32 Flashes
D72:  0.1600 x 0.0201 RECTANGLE -----      18 Flashes
D73:  0.0240 x 0.1700 OBLONG    -----      20 Flashes
D74:  0.1700 x 0.0240 OBLONG    -----      20 Flashes
D75:  0.1700 x 0.0240 RECTANGLE -----       2 Flashes
D76:  0.0240 x 0.1700 RECTANGLE -----       2 Flashes
D77:  0.2000 x 0.0830 RECTANGLE -----       2 Flashes
D78:  0.3000 x 0.1500 RECTANGLE -----       1 Flashes
D79:  0.1500 x 0.0600 RECTANGLE -----       2 Flashes
D80:  0.0520 ROUND  --       0 Draws,       2 Flashes
D81:  0.0520 ROUND  --       0 Draws,      71 Flashes
D82:  0.0520 ROUND  --       0 Draws,      30 Flashes
---------------------------------------------------------
 28 D-Codes      -----       0 Draws,     513 Flashes

*********************************************************

Output file: E:\MUSHTAQ PCB\SAJJAD HUSSAIN\CHRONO32C\CHRONO32C_MC_R1\MC_BOARD3-53.SMB

Aperture totals for E:\MUSHTAQ PCB\SAJJAD HUSSAIN\CHRONO32C\CHRONO32C_MC_R1\MC_BOARD3-53.SMB:
---------------------------------------------------------
D45:  0.1370 ROUND  --       0 Draws,       6 Flashes
D46:  0.0800 SQUARE --       0 Draws,       8 Flashes
D47:  0.0520 x 0.0500 RECTANGLE -----       2 Flashes
D48:  0.0500 x 0.0520 RECTANGLE -----       6 Flashes
D49:  0.0430 x 0.0350 RECTANGLE -----       6 Flashes
D54:  0.0500 SQUARE --       0 Draws,       2 Flashes
D64:  0.0800 ROUND  --       0 Draws,      12 Flashes
D65:  0.0650 ROUND  --       0 Draws,      64 Flashes
D66:  0.0650 SQUARE --       0 Draws,      10 Flashes
D67:  0.0197 x 0.1575 RECTANGLE -----      20 Flashes
D69:  0.1200 x 0.0200 RECTANGLE -----       8 Flashes
D77:  0.2000 x 0.0830 RECTANGLE -----       2 Flashes
D80:  0.0520 ROUND  --       0 Draws,       2 Flashes
D81:  0.0520 ROUND  --       0 Draws,      71 Flashes
D82:  0.0520 ROUND  --       0 Draws,      30 Flashes
---------------------------------------------------------
 15 D-Codes      -----       0 Draws,     249 Flashes

*********************************************************

Output file: E:\MUSHTAQ PCB\SAJJAD HUSSAIN\CHRONO32C\CHRONO32C_MC_R1\MC_BOARD3-53.SPT

Aperture totals for E:\MUSHTAQ PCB\SAJJAD HUSSAIN\CHRONO32C\CHRONO32C_MC_R1\MC_BOARD3-53.SPT:
---------------------------------------------------------
D45:  0.1370 ROUND  --       0 Draws,       6 Flashes
D46:  0.0800 SQUARE --       0 Draws,      16 Flashes
D47:  0.0520 x 0.0500 RECTANGLE -----      12 Flashes
D48:  0.0500 x 0.0520 RECTANGLE -----      12 Flashes
D54:  0.0500 SQUARE --       0 Draws,      80 Flashes
D60:  0.1000 x 0.0510 RECTANGLE -----       1 Flashes
D61:  0.1000 x 0.0350 RECTANGLE -----       2 Flashes
D62:  0.1400 x 0.1600 RECTANGLE -----       2 Flashes
D63:  0.1050 x 0.1200 RECTANGLE -----       8 Flashes
D68:  0.1200 x 0.0200 OBLONG    -----      17 Flashes
D69:  0.1200 x 0.0200 RECTANGLE -----       9 Flashes
D70:  0.0200 x 0.1200 RECTANGLE -----      28 Flashes
D71:  0.0940 x 0.0250 RECTANGLE -----      32 Flashes
D72:  0.1600 x 0.0201 RECTANGLE -----      18 Flashes
D73:  0.0240 x 0.1700 OBLONG    -----      20 Flashes
D74:  0.1700 x 0.0240 OBLONG    -----      20 Flashes
D75:  0.1700 x 0.0240 RECTANGLE -----       2 Flashes
D76:  0.0240 x 0.1700 RECTANGLE -----       2 Flashes
D78:  0.3000 x 0.1500 RECTANGLE -----       1 Flashes
D79:  0.1500 x 0.0600 RECTANGLE -----       2 Flashes
---------------------------------------------------------
 20 D-Codes      -----       0 Draws,     290 Flashes

*********************************************************

Output file: E:\MUSHTAQ PCB\SAJJAD HUSSAIN\CHRONO32C\CHRONO32C_MC_R1\MC_BOARD3-53.SPB

Aperture totals for E:\MUSHTAQ PCB\SAJJAD HUSSAIN\CHRONO32C\CHRONO32C_MC_R1\MC_BOARD3-53.SPB:
---------------------------------------------------------
D45:  0.1370 ROUND  --       0 Draws,       6 Flashes
D46:  0.0800 SQUARE --       0 Draws,       4 Flashes
D47:  0.0520 x 0.0500 RECTANGLE -----       2 Flashes
D48:  0.0500 x 0.0520 RECTANGLE -----       6 Flashes
D49:  0.0430 x 0.0350 RECTANGLE -----       6 Flashes
D54:  0.0500 SQUARE --       0 Draws,       2 Flashes
---------------------------------------------------------
  6 D-Codes      -----       0 Draws,      26 Flashes

*********************************************************

Output file: E:\MUSHTAQ PCB\SAJJAD HUSSAIN\CHRONO32C\CHRONO32C_MC_R1\MC_BOARD3-53.SST

Aperture totals for E:\MUSHTAQ PCB\SAJJAD HUSSAIN\CHRONO32C\CHRONO32C_MC_R1\MC_BOARD3-53.SST:
---------------------------------------------------------
D37:  0.0010 ROUND  --      32 Draws,       0 Flashes
D39:  0.0100 ROUND  --     624 Draws,       0 Flashes
D83:  0.0060 ROUND  --    1476 Draws,       0 Flashes
D84:  0.0080 ROUND  --     649 Draws,       0 Flashes
D85:  0.0050 ROUND  --      52 Draws,       0 Flashes
D86:  0.0040 ROUND  --      12 Draws,       0 Flashes
---------------------------------------------------------
  6 D-Codes      -----    2845 Draws,       0 Flashes

*********************************************************

Output file: E:\MUSHTAQ PCB\SAJJAD HUSSAIN\CHRONO32C\CHRONO32C_MC_R1\MC_BOARD3-53.SSB

Aperture totals for E:\MUSHTAQ PCB\SAJJAD HUSSAIN\CHRONO32C\CHRONO32C_MC_R1\MC_BOARD3-53.SSB:
---------------------------------------------------------
D83:  0.0060 ROUND  --     174 Draws,       0 Flashes
D84:  0.0080 ROUND  --       8 Draws,       0 Flashes
D85:  0.0050 ROUND  --       8 Draws,       0 Flashes
---------------------------------------------------------
  3 D-Codes      -----     190 Draws,       0 Flashes

*********************************************************

Output file: E:\MUSHTAQ PCB\SAJJAD HUSSAIN\CHRONO32C\CHRONO32C_MC_R1\MC_BOARD3-53.FAB

Aperture totals for E:\MUSHTAQ PCB\SAJJAD HUSSAIN\CHRONO32C\CHRONO32C_MC_R1\MC_BOARD3-53.FAB:
---------------------------------------------------------
D37:  0.0010 ROUND  --       5 Draws,       0 Flashes
D87:  0.0280 ROUND  --       0 Draws,       2 Flashes
D88:  0.0280 ROUND  --       0 Draws,      71 Flashes
D89:  0.0280 ROUND  --       0 Draws,      30 Flashes
---------------------------------------------------------
  4 D-Codes      -----       5 Draws,     103 Flashes


*********************************************************

Aperture totals for entire project:
---------------------------------------------------------
D10:  0.1370 ROUND  --       0 Draws,       6 Flashes
D11:  0.1000 x 0.0510 RECTANGLE -----       1 Flashes
D12:  0.1000 x 0.0350 RECTANGLE -----       2 Flashes
D13:  0.1400 x 0.1600 RECTANGLE -----       2 Flashes
D14:  0.0500 SQUARE --       0 Draws,      80 Flashes
D15:  0.0500 x 0.0520 RECTANGLE -----      12 Flashes
D16:  0.0520 x 0.0500 RECTANGLE -----      12 Flashes
D17:  0.1050 x 0.1200 RECTANGLE -----       8 Flashes
D18:  0.0800 SQUARE --       0 Draws,      16 Flashes
D19:  0.0700 ROUND  --       0 Draws,      12 Flashes
D20:  0.0700 SQUARE --       0 Draws,       4 Flashes
D21:  0.0600 ROUND  --       0 Draws,      64 Flashes
D22:  0.0600 SQUARE --       0 Draws,      10 Flashes
D23:  0.0197 x 0.1575 RECTANGLE -----      20 Flashes
D24:  0.1200 x 0.0200 OBLONG    -----      17 Flashes
D25:  0.1200 x 0.0200 RECTANGLE -----      17 Flashes
D26:  0.0200 x 0.1200 RECTANGLE -----      28 Flashes
D27:  0.0940 x 0.0250 RECTANGLE -----      32 Flashes
D28:  0.1600 x 0.0201 RECTANGLE -----      18 Flashes
D29:  0.0240 x 0.1700 OBLONG    -----      20 Flashes
D30:  0.1700 x 0.0240 OBLONG    -----      20 Flashes
D31:  0.1700 x 0.0240 RECTANGLE -----       2 Flashes
D32:  0.0240 x 0.1700 RECTANGLE -----       2 Flashes
D33:  0.2000 x 0.0830 RECTANGLE -----       2 Flashes
D34:  0.3000 x 0.1500 RECTANGLE -----       1 Flashes
D35:  0.1500 x 0.0600 RECTANGLE -----       2 Flashes
D36:  0.0420 ROUND  --       0 Draws,       2 Flashes
D37:  0.0010 ROUND  --  105821 Draws,       0 Flashes
D38:  0.0150 ROUND  --     599 Draws,       0 Flashes
D39:  0.0100 ROUND  --    3179 Draws,       0 Flashes
D40:  0.0420 ROUND  --       0 Draws,     200 Flashes
D41:  0.0120 ROUND  --      81 Draws,       0 Flashes
D42:  0.0200 ROUND  --      32 Draws,       0 Flashes
D43:  0.0300 ROUND  --       5 Draws,       0 Flashes
D44:  0.0500 ROUND  --      16 Draws,       0 Flashes
D45:  0.1370 ROUND  --       0 Draws,      42 Flashes
D46:  0.0800 SQUARE --       0 Draws,      52 Flashes
D47:  0.0520 x 0.0500 RECTANGLE -----      30 Flashes
D48:  0.0500 x 0.0520 RECTANGLE -----      42 Flashes
D49:  0.0430 x 0.0350 RECTANGLE -----      18 Flashes
D50:  0.0700 ROUND  --       0 Draws,      36 Flashes
D51:  0.0700 SQUARE --       0 Draws,      12 Flashes
D52:  0.0600 ROUND  --       0 Draws,     192 Flashes
D53:  0.0600 SQUARE --       0 Draws,      30 Flashes
D54:  0.0500 SQUARE --       0 Draws,     166 Flashes
D55:  0.0420 ROUND  --       0 Draws,       2 Flashes
D56:  0.0420 ROUND  --       0 Draws,       2 Flashes
D57:  0.0500 ROUND  --       0 Draws,       4 Flashes
D58:  0.0500 ROUND  --       0 Draws,     142 Flashes
D59:  0.0500 ROUND  --       0 Draws,      60 Flashes
D60:  0.1000 x 0.0510 RECTANGLE -----       2 Flashes
D61:  0.1000 x 0.0350 RECTANGLE -----       4 Flashes
D62:  0.1400 x 0.1600 RECTANGLE -----       4 Flashes
D63:  0.1050 x 0.1200 RECTANGLE -----      16 Flashes
D64:  0.0800 ROUND  --       0 Draws,      24 Flashes
D65:  0.0650 ROUND  --       0 Draws,     128 Flashes
D66:  0.0650 SQUARE --       0 Draws,      20 Flashes
D67:  0.0197 x 0.1575 RECTANGLE -----      40 Flashes
D68:  0.1200 x 0.0200 OBLONG    -----      34 Flashes
D69:  0.1200 x 0.0200 RECTANGLE -----      34 Flashes
D70:  0.0200 x 0.1200 RECTANGLE -----      56 Flashes
D71:  0.0940 x 0.0250 RECTANGLE -----      64 Flashes
D72:  0.1600 x 0.0201 RECTANGLE -----      36 Flashes
D73:  0.0240 x 0.1700 OBLONG    -----      40 Flashes
D74:  0.1700 x 0.0240 OBLONG    -----      40 Flashes
D75:  0.1700 x 0.0240 RECTANGLE -----       4 Flashes
D76:  0.0240 x 0.1700 RECTANGLE -----       4 Flashes
D77:  0.2000 x 0.0830 RECTANGLE -----       4 Flashes
D78:  0.3000 x 0.1500 RECTANGLE -----       2 Flashes
D79:  0.1500 x 0.0600 RECTANGLE -----       4 Flashes
D80:  0.0520 ROUND  --       0 Draws,       4 Flashes
D81:  0.0520 ROUND  --       0 Draws,     142 Flashes
D82:  0.0520 ROUND  --       0 Draws,      60 Flashes
D83:  0.0060 ROUND  --    1650 Draws,       0 Flashes
D84:  0.0080 ROUND  --     657 Draws,       0 Flashes
D85:  0.0050 ROUND  --      60 Draws,       0 Flashes
D86:  0.0040 ROUND  --      12 Draws,       0 Flashes
D87:  0.0280 ROUND  --       0 Draws,       2 Flashes
D88:  0.0280 ROUND  --       0 Draws,      71 Flashes
D89:  0.0280 ROUND  --       0 Draws,      30 Flashes
---------------------------------------------------------
 80 D-Codes      -----  112112 Draws,    2311 Flashes


No warnings or errors.
