# Xilinx CORE Generator 6.1i
# User = Sajjad
Initializing default project...
Loading plug-ins...
All runtime messages will be recorded in D:\TDC48Start_20140624\coregen.log
# busformat=BusFormatAngleBracketNotRipped
# designflow=VHDL
# expandedprojectpath=D:\TDC48Start_20140624
# flowvendor=Foundation_iSE
# formalverification=None
# simulationoutputproducts=VHDL
# xilinxfamily=Virtex2
# outputoption=DesignFlow
# overwritefiles=true
# simvendor=ModelSim
# expandedprojectpath=D:\TDC48Start_20140624
SETPROJECT .
Set current Project to D:\TDC48Start_20140624
SET BusFormat = BusFormatAngleBracketNotRipped
SETXIPCPORTHOST 1194
XIPCPJSENDCORES spartan2
