Mon Oct 01 08:24:17 Saved as file E:\MUSHTAQ PCB\SAJJAD HUSSAIN\CHRONO32C\CHRONO-32C-TDC_R0\LIBRARY\CHRONO32C_LIB.LLB
Mon Oct 01 08:24:17 Loaded file E:\MUSHTAQ PCB\SAJJAD HUSSAIN\CHRONO32C\CHRONO-32C-TDC_R0\LIBRARY\CHRONO32C_LIB.LLB
Mon Oct 01 08:24:17 Saved as file E:\MUSHTAQ PCB\SAJJAD HUSSAIN\CHRONO32C\CHRONO-32C-TDC_R0\LIBRARY\CHRONO32C_LIB.LLB
Mon Oct 01 08:24:40 Loaded file E:\MUSHTAQ PCB\SAJJAD HUSSAIN\CHRONO32C\CHRONO-32C-TDC_R0\LIBRARY\CHRONO32C_LIB.LLB
Tue Oct 02 08:43:36 Loaded file E:\MUSHTAQ PCB\SAJJAD HUSSAIN\CHRONO32C\CHRONO-32C-TDC_R0\LIBRARY\CHRONO32C_LIB.LLB
Tue Oct 02 08:43:36 Saved as file E:\MUSHTAQ PCB\SAJJAD HUSSAIN\CHRONO32C\CHRONO-32C-TDC_R0\LIBRARY\CHRONO32C_LIB.LLB
Tue Oct 02 08:43:36 Loaded file E:\MUSHTAQ PCB\MUSHTAQ DOC\PCB'S\MUSHTAQ_1LIB.LLB
Tue Oct 02 08:45:49 Loaded file C:\OrCAD\OrCAD_10.5\tools\Layout\library\BCON156T.llb
Tue Oct 02 08:45:49 Loaded file C:\OrCAD\OrCAD_10.5\tools\Layout\library\BCON156T.llb
Tue Oct 02 08:45:50 Loaded file C:\OrCAD\OrCAD_10.5\tools\Layout\library\BGA.llb
Tue Oct 02 08:45:50 Loaded file C:\OrCAD\OrCAD_10.5\tools\Layout\library\CLCC.llb
Tue Oct 02 08:45:51 Loaded file E:\MUSHTAQ PCB\MUSHTAQ DOC\BILAL.LLB
Tue Oct 02 08:45:51 Loaded file C:\OrCAD\OrCAD_10.5\tools\Layout\library\CLCC.llb
Tue Oct 02 08:45:52 Loaded file E:\MUSHTAQ PCB\SAJJAD HUSSAIN\CHRONO32C\CHRONO-32C-TDC_R0\LIBRARY\CHRONO32C_LIB.LLB
Tue Oct 02 08:45:56 Loaded file C:\OrCAD\OrCAD_10.5\tools\Layout\data\template.imp
Tue Oct 02 09:42:33 Loaded file C:\OrCAD\OrCAD_10.5\tools\Layout\data\template.imp
Tue Oct 02 09:47:45 Loaded file C:\ORCAD\ORCAD_10.5\TOOLS\LAYOUT_PLUS\LIBRARY\BCON156T.LLB
Tue Oct 02 09:47:46 Loaded file C:\ORCAD\ORCAD_10.5\TOOLS\LAYOUT_PLUS\LIBRARY\METRIC.LLB
Tue Oct 02 09:47:47 Loaded file E:\MUSHTAQ PCB\MUSHTAQ DOC\PCB'S\MUSHTAQ_1LIB.LLB
Tue Oct 02 09:47:52 Loaded file C:\OrCAD\OrCAD_10.5\tools\Layout\data\template.imp
Tue Oct 02 09:47:52 Loaded file C:\OrCAD\OrCAD_10.5\tools\Layout\data\template.imp
Tue Oct 02 09:47:52 Loaded file C:\OrCAD\OrCAD_10.5\tools\Layout\data\template.imp
Tue Oct 02 09:47:52 Loaded file C:\OrCAD\OrCAD_10.5\tools\Layout\data\template.imp
Tue Oct 02 09:47:53 Loaded file C:\OrCAD\OrCAD_10.5\tools\Layout\data\template.imp
Tue Oct 02 09:47:53 Loaded file C:\OrCAD\OrCAD_10.5\tools\Layout\data\template.imp
Tue Oct 02 09:48:00 Loaded file E:\MUSHTAQ PCB\SAJJAD HUSSAIN\CHRONO32C\CHRONO-32C-TDC_R0\LIBRARY\CHRONO32C_LIB.LLB
Tue Oct 02 09:48:06 Loaded file E:\MUSHTAQ PCB\SAJJAD HUSSAIN\CHRONO32C\CHRONO-32C-TDC_R0\LIBRARY\CHRONO32C_LIB.LLB
Tue Oct 02 09:48:06 Loaded file C:\ORCAD\ORCAD_10.5\TOOLS\LAYOUT_PLUS\LIBRARY\BCON100T.LLB
Tue Oct 02 09:48:06 Loaded file C:\ORCAD\ORCAD_10.5\TOOLS\LAYOUT_PLUS\LIBRARY\BCON156T.LLB
Tue Oct 02 09:48:06 Loaded file C:\ORCAD\ORCAD_10.5\TOOLS\LAYOUT_PLUS\LIBRARY\BGA.LLB
Tue Oct 02 09:48:06 Loaded file C:\ORCAD\ORCAD_10.5\TOOLS\LAYOUT_PLUS\LIBRARY\CLCC.LLB
Tue Oct 02 09:48:06 Loaded file C:\ORCAD\ORCAD_10.5\TOOLS\LAYOUT_PLUS\LIBRARY\DCON050T.LLB
Tue Oct 02 09:48:06 Loaded file C:\ORCAD\ORCAD_10.5\TOOLS\LAYOUT_PLUS\LIBRARY\DCON085T.LLB
Tue Oct 02 09:48:06 Loaded file C:\ORCAD\ORCAD_10.5\TOOLS\LAYOUT_PLUS\LIBRARY\DIMM050F.LLB
Tue Oct 02 09:48:06 Loaded file C:\ORCAD\ORCAD_10.5\TOOLS\LAYOUT_PLUS\LIBRARY\DIMM050T.LLB
Tue Oct 02 09:48:06 Loaded file C:\ORCAD\ORCAD_10.5\TOOLS\LAYOUT_PLUS\LIBRARY\DIN.LLB
Tue Oct 02 09:48:06 Loaded file C:\ORCAD\ORCAD_10.5\TOOLS\LAYOUT_PLUS\LIBRARY\DIP100B.LLB
Tue Oct 02 09:48:06 Loaded file C:\ORCAD\ORCAD_10.5\TOOLS\LAYOUT_PLUS\LIBRARY\DIP100T.LLB
Tue Oct 02 09:48:06 Loaded file C:\ORCAD\ORCAD_10.5\TOOLS\LAYOUT_PLUS\LIBRARY\DSUBT.LLB
Tue Oct 02 09:48:06 Loaded file C:\ORCAD\ORCAD_10.5\TOOLS\LAYOUT_PLUS\LIBRARY\DSUBT_HD.LLB
Tue Oct 02 09:48:06 Loaded file C:\ORCAD\ORCAD_10.5\TOOLS\LAYOUT_PLUS\LIBRARY\ECON100T.LLB
Tue Oct 02 09:48:06 Loaded file C:\ORCAD\ORCAD_10.5\TOOLS\LAYOUT_PLUS\LIBRARY\EMPTY.LLB
Tue Oct 02 09:48:06 Loaded file C:\ORCAD\ORCAD_10.5\TOOLS\LAYOUT_PLUS\LIBRARY\EX_GUI.LLB
Tue Oct 02 09:48:06 Loaded file C:\ORCAD\ORCAD_10.5\TOOLS\LAYOUT_PLUS\LIBRARY\FBUS.LLB
Tue Oct 02 09:48:06 Loaded file C:\ORCAD\ORCAD_10.5\TOOLS\LAYOUT_PLUS\LIBRARY\ISA.LLB
Tue Oct 02 09:48:06 Loaded file C:\ORCAD\ORCAD_10.5\TOOLS\LAYOUT_PLUS\LIBRARY\JUMPER.LLB
Tue Oct 02 09:48:06 Loaded file C:\ORCAD\ORCAD_10.5\TOOLS\LAYOUT_PLUS\LIBRARY\LAYOUT.LLB
Tue Oct 02 09:48:06 Loaded file C:\ORCAD\ORCAD_10.5\TOOLS\LAYOUT_PLUS\LIBRARY\LCON100T.LLB
Tue Oct 02 09:48:06 Loaded file C:\ORCAD\ORCAD_10.5\TOOLS\LAYOUT_PLUS\LIBRARY\METRIC.LLB
Tue Oct 02 09:48:06 Loaded file C:\ORCAD\ORCAD_10.5\TOOLS\LAYOUT_PLUS\LIBRARY\PADSTACK.LLB
Tue Oct 02 09:48:06 Loaded file C:\ORCAD\ORCAD_10.5\TOOLS\LAYOUT_PLUS\LIBRARY\PC104.LLB
Tue Oct 02 09:48:06 Loaded file C:\ORCAD\ORCAD_10.5\TOOLS\LAYOUT_PLUS\LIBRARY\PCI.LLB
Tue Oct 02 09:48:06 Loaded file C:\ORCAD\ORCAD_10.5\TOOLS\LAYOUT_PLUS\LIBRARY\PCON100T.LLB
Tue Oct 02 09:48:06 Loaded file C:\ORCAD\ORCAD_10.5\TOOLS\LAYOUT_PLUS\LIBRARY\PCON156T.LLB
Tue Oct 02 09:48:06 Loaded file C:\ORCAD\ORCAD_10.5\TOOLS\LAYOUT_PLUS\LIBRARY\PGA.LLB
Tue Oct 02 09:48:06 Loaded file C:\ORCAD\ORCAD_10.5\TOOLS\LAYOUT_PLUS\LIBRARY\PLCC.LLB
Tue Oct 02 09:48:06 Loaded file C:\ORCAD\ORCAD_10.5\TOOLS\LAYOUT_PLUS\LIBRARY\QUAD.LLB
Tue Oct 02 09:48:06 Loaded file C:\ORCAD\ORCAD_10.5\TOOLS\LAYOUT_PLUS\LIBRARY\QUADB.LLB
Tue Oct 02 09:48:06 Loaded file C:\ORCAD\ORCAD_10.5\TOOLS\LAYOUT_PLUS\LIBRARY\RELAY.LLB
Tue Oct 02 09:48:06 Loaded file C:\ORCAD\ORCAD_10.5\TOOLS\LAYOUT_PLUS\LIBRARY\RF.LLB
Tue Oct 02 09:48:06 Loaded file C:\ORCAD\ORCAD_10.5\TOOLS\LAYOUT_PLUS\LIBRARY\SBUS.LLB
Tue Oct 02 09:48:06 Loaded file C:\ORCAD\ORCAD_10.5\TOOLS\LAYOUT_PLUS\LIBRARY\SIMM050F.LLB
Tue Oct 02 09:48:06 Loaded file C:\ORCAD\ORCAD_10.5\TOOLS\LAYOUT_PLUS\LIBRARY\SIMM050T.LLB
Tue Oct 02 09:48:06 Loaded file C:\ORCAD\ORCAD_10.5\TOOLS\LAYOUT_PLUS\LIBRARY\SIMM100F.LLB
Tue Oct 02 09:48:06 Loaded file C:\ORCAD\ORCAD_10.5\TOOLS\LAYOUT_PLUS\LIBRARY\SIMM100T.LLB
Tue Oct 02 09:48:06 Loaded file C:\ORCAD\ORCAD_10.5\TOOLS\LAYOUT_PLUS\LIBRARY\SIP.LLB
Tue Oct 02 09:48:06 Loaded file C:\ORCAD\ORCAD_10.5\TOOLS\LAYOUT_PLUS\LIBRARY\SM.LLB
Tue Oct 02 09:48:06 Loaded file C:\ORCAD\ORCAD_10.5\TOOLS\LAYOUT_PLUS\LIBRARY\SOG.LLB
Tue Oct 02 09:48:06 Loaded file C:\ORCAD\ORCAD_10.5\TOOLS\LAYOUT_PLUS\LIBRARY\SOJ.LLB
Tue Oct 02 09:48:06 Loaded file C:\ORCAD\ORCAD_10.5\TOOLS\LAYOUT_PLUS\LIBRARY\STIFF.LLB
Tue Oct 02 09:48:06 Loaded file C:\ORCAD\ORCAD_10.5\TOOLS\LAYOUT_PLUS\LIBRARY\TELE.LLB
Tue Oct 02 09:48:06 Loaded file C:\ORCAD\ORCAD_10.5\TOOLS\LAYOUT_PLUS\LIBRARY\TM_AXIAL.LLB
Tue Oct 02 09:48:06 Loaded file C:\ORCAD\ORCAD_10.5\TOOLS\LAYOUT_PLUS\LIBRARY\TM_CAP_P.LLB
Tue Oct 02 09:48:06 Loaded file C:\ORCAD\ORCAD_10.5\TOOLS\LAYOUT_PLUS\LIBRARY\TM_CYLND.LLB
Tue Oct 02 09:48:06 Loaded file C:\ORCAD\ORCAD_10.5\TOOLS\LAYOUT_PLUS\LIBRARY\TM_DIODE.LLB
Tue Oct 02 09:48:06 Loaded file C:\ORCAD\ORCAD_10.5\TOOLS\LAYOUT_PLUS\LIBRARY\TM_DISC.LLB
Tue Oct 02 09:48:06 Loaded file C:\ORCAD\ORCAD_10.5\TOOLS\LAYOUT_PLUS\LIBRARY\TM_RAD.LLB
Tue Oct 02 09:48:06 Loaded file C:\ORCAD\ORCAD_10.5\TOOLS\LAYOUT_PLUS\LIBRARY\TO.LLB
Tue Oct 02 09:48:06 Loaded file C:\ORCAD\ORCAD_10.5\TOOLS\LAYOUT_PLUS\LIBRARY\TRAINING.LLB
Tue Oct 02 09:48:06 Loaded file C:\ORCAD\ORCAD_10.5\TOOLS\LAYOUT_PLUS\LIBRARY\VRES.LLB
Tue Oct 02 09:48:06 Loaded file C:\ORCAD\ORCAD_10.5\TOOLS\LAYOUT_PLUS\LIBRARY\WCON100T.LLB
Tue Oct 02 09:48:06 Loaded file C:\ORCAD\ORCAD_10.5\TOOLS\LAYOUT_PLUS\LIBRARY\XT.LLB
Tue Oct 02 09:48:06 Loaded file C:\ORCAD\ORCAD_10.5\TOOLS\LAYOUT_PLUS\LIBRARY\ZIGZAG.LLB
Tue Oct 02 09:48:06 Loaded file C:\DOCUMENTS AND SETTINGS\MUSHTAQ KHAN\DESKTOP\COMMON.LLB
Tue Oct 02 09:48:06 Loaded file E:\MUSHTAQ PCB\MUSHTAQ DOC\COMMON.LLB
Tue Oct 02 09:48:06 Loaded file E:\MUSHTAQ PCB\MUSHTAQ DOC\PCB'S\MUSHTAQ_1LIB.LLB
Tue Oct 02 09:48:06 Loaded file E:\MUSHTAQ PCB\MUSHTAQ DOC\BILAL.LLB
Tue Oct 02 09:48:06 Loaded file C:\OrCAD\OrCAD_10.5\tools\Layout\library\BCON100T.llb
Tue Oct 02 09:48:06 Loaded file C:\OrCAD\OrCAD_10.5\tools\Layout\library\BCON156T.llb
Tue Oct 02 09:48:06 Loaded file C:\OrCAD\OrCAD_10.5\tools\Layout\library\BGA.llb
Tue Oct 02 09:48:06 Loaded file C:\OrCAD\OrCAD_10.5\tools\Layout\library\CLCC.llb
Tue Oct 02 09:48:07 Loaded file C:\OrCAD\OrCAD_10.5\tools\Layout\library\DCON050T.llb
Tue Oct 02 09:48:07 Loaded file C:\OrCAD\OrCAD_10.5\tools\Layout\library\DCON085T.llb
Tue Oct 02 09:48:07 Loaded file C:\OrCAD\OrCAD_10.5\tools\Layout\library\DIMM050F.llb
Tue Oct 02 09:48:07 Loaded file C:\OrCAD\OrCAD_10.5\tools\Layout\library\DIMM050T.llb
Tue Oct 02 09:48:07 Loaded file C:\OrCAD\OrCAD_10.5\tools\Layout\library\DIN.llb
Tue Oct 02 09:48:07 Loaded file C:\OrCAD\OrCAD_10.5\tools\Layout\library\DIP100B.llb
Tue Oct 02 09:48:07 Loaded file C:\OrCAD\OrCAD_10.5\tools\Layout\library\DIP100T.llb
Tue Oct 02 09:48:07 Loaded file C:\OrCAD\OrCAD_10.5\tools\Layout\library\DSUBT.llb
Tue Oct 02 09:48:07 Loaded file C:\OrCAD\OrCAD_10.5\tools\Layout\library\DSUBT_HD.LLB
Tue Oct 02 09:48:07 Loaded file C:\OrCAD\OrCAD_10.5\tools\Layout\library\ECON100T.llb
Tue Oct 02 09:48:07 Loaded file C:\OrCAD\OrCAD_10.5\tools\Layout\library\FBUS.llb
Tue Oct 02 09:48:07 Loaded file C:\OrCAD\OrCAD_10.5\tools\Layout\library\ISA.llb
Tue Oct 02 09:48:07 Loaded file C:\OrCAD\OrCAD_10.5\tools\Layout\library\JUMPER.LLB
Tue Oct 02 09:48:07 Loaded file C:\OrCAD\OrCAD_10.5\tools\Layout\library\LAYOUT.llb
Tue Oct 02 09:48:07 Loaded file C:\OrCAD\OrCAD_10.5\tools\Layout\library\LCON100T.llb
Tue Oct 02 09:48:07 Loaded file C:\OrCAD\OrCAD_10.5\tools\Layout\library\PC104.llb
Tue Oct 02 09:48:07 Loaded file C:\OrCAD\OrCAD_10.5\tools\Layout\library\PCI.llb
Tue Oct 02 09:48:07 Loaded file C:\OrCAD\OrCAD_10.5\tools\Layout\library\PCON100T.llb
Tue Oct 02 09:48:07 Loaded file C:\OrCAD\OrCAD_10.5\tools\Layout\library\PCON156T.llb
Tue Oct 02 09:48:07 Loaded file C:\OrCAD\OrCAD_10.5\tools\Layout\library\PGA.llb
Tue Oct 02 09:48:08 Loaded file C:\OrCAD\OrCAD_10.5\tools\Layout\library\PLCC.llb
Tue Oct 02 09:48:08 Loaded file C:\OrCAD\OrCAD_10.5\tools\Layout\library\QUAD.llb
Tue Oct 02 09:48:08 Loaded file C:\OrCAD\OrCAD_10.5\tools\Layout\library\QUADB.llb
Tue Oct 02 09:48:08 Loaded file C:\OrCAD\OrCAD_10.5\tools\Layout\library\RELAY.llb
Tue Oct 02 09:48:08 Loaded file C:\OrCAD\OrCAD_10.5\tools\Layout\library\RF.llb
Tue Oct 02 09:48:08 Loaded file C:\OrCAD\OrCAD_10.5\tools\Layout\library\SBUS.llb
Tue Oct 02 09:48:08 Loaded file C:\OrCAD\OrCAD_10.5\tools\Layout\library\SIMM050F.llb
Tue Oct 02 09:48:08 Loaded file C:\OrCAD\OrCAD_10.5\tools\Layout\library\SIMM050T.llb
Tue Oct 02 09:48:08 Loaded file C:\OrCAD\OrCAD_10.5\tools\Layout\library\SIMM100F.llb
Tue Oct 02 09:48:08 Loaded file C:\OrCAD\OrCAD_10.5\tools\Layout\library\SIMM100T.llb
Tue Oct 02 09:48:08 Loaded file C:\OrCAD\OrCAD_10.5\tools\Layout\library\SIP.llb
Tue Oct 02 09:48:08 Loaded file C:\OrCAD\OrCAD_10.5\tools\Layout\library\SM.llb
Tue Oct 02 09:48:08 Loaded file C:\OrCAD\OrCAD_10.5\tools\Layout\library\SOG.llb
Tue Oct 02 09:48:08 Loaded file C:\OrCAD\OrCAD_10.5\tools\Layout\library\SOJ.llb
Tue Oct 02 09:48:09 Loaded file C:\OrCAD\OrCAD_10.5\tools\Layout\library\STIFF.llb
Tue Oct 02 09:48:09 Loaded file C:\OrCAD\OrCAD_10.5\tools\Layout\library\TELE.llb
Tue Oct 02 09:48:09 Loaded file C:\OrCAD\OrCAD_10.5\tools\Layout\library\TM_AXIAL.llb
Tue Oct 02 09:48:09 Loaded file C:\OrCAD\OrCAD_10.5\tools\Layout\library\TM_CAP_P.llb
Tue Oct 02 09:48:09 Loaded file C:\OrCAD\OrCAD_10.5\tools\Layout\library\TM_CYLND.llb
Tue Oct 02 09:48:09 Loaded file C:\OrCAD\OrCAD_10.5\tools\Layout\library\TM_DIODE.llb
Tue Oct 02 09:48:09 Loaded file C:\OrCAD\OrCAD_10.5\tools\Layout\library\TM_DISC.llb
Tue Oct 02 09:48:09 Loaded file C:\OrCAD\OrCAD_10.5\tools\Layout\library\TM_RAD.llb
Tue Oct 02 09:48:09 Loaded file C:\OrCAD\OrCAD_10.5\tools\Layout\library\TO.llb
Tue Oct 02 09:48:09 Loaded file C:\OrCAD\OrCAD_10.5\tools\Layout\library\TRAINING.LLB
Tue Oct 02 09:48:09 Loaded file C:\OrCAD\OrCAD_10.5\tools\Layout\library\VRES.llb
Tue Oct 02 09:48:09 Loaded file C:\OrCAD\OrCAD_10.5\tools\Layout\library\WCON100T.llb
Tue Oct 02 09:48:09 Loaded file C:\OrCAD\OrCAD_10.5\tools\Layout\library\XT.llb
Tue Oct 02 09:48:09 Loaded file C:\OrCAD\OrCAD_10.5\tools\Layout\library\ZIGZAG.llb
Tue Oct 02 09:48:37 Loaded file C:\OrCAD\OrCAD_10.5\tools\Layout\data\template.imp
Tue Oct 02 09:48:39 Loaded file C:\OrCAD\OrCAD_10.5\tools\Layout\data\template.imp
Tue Oct 02 09:48:40 Loaded file C:\OrCAD\OrCAD_10.5\tools\Layout\data\template.imp
Tue Oct 02 09:48:41 Loaded file C:\OrCAD\OrCAD_10.5\tools\Layout\data\template.imp
Tue Oct 02 09:48:42 Loaded file C:\OrCAD\OrCAD_10.5\tools\Layout\data\template.imp
Tue Oct 02 09:48:43 Loaded file C:\OrCAD\OrCAD_10.5\tools\Layout\data\template.imp
Tue Oct 02 09:48:44 Loaded file C:\OrCAD\OrCAD_10.5\tools\Layout\data\template.imp
Tue Oct 02 09:48:45 Loaded file C:\OrCAD\OrCAD_10.5\tools\Layout\data\template.imp
Tue Oct 02 09:48:46 Loaded file C:\OrCAD\OrCAD_10.5\tools\Layout\data\template.imp
Tue Oct 02 09:48:51 Loaded file C:\OrCAD\OrCAD_10.5\tools\Layout\data\template.imp
Tue Oct 02 09:50:05 Loaded file C:\OrCAD\OrCAD_10.5\tools\Layout\data\template.imp
Tue Oct 02 09:51:16 Loaded file E:\MUSHTAQ PCB\SAJJAD HUSSAIN\CHRONO32C\CHRONO-32C-TDC_R0\LIBRARY\CHRONO32C_LIB.LLB
Tue Oct 02 09:51:16 Saved as file E:\MUSHTAQ PCB\SAJJAD HUSSAIN\CHRONO32C\CHRONO-32C-TDC_R0\LIBRARY\CHRONO32C_LIB.LLB
Tue Oct 02 09:51:16 Loaded file E:\MUSHTAQ PCB\SAJJAD HUSSAIN\CHRONO32C\CHRONO-32C-TDC_R0\LIBRARY\CHRONO32C_LIB.LLB
Tue Oct 02 09:51:25 Loaded file E:\MUSHTAQ PCB\MUSHTAQ DOC\PCB'S\MUSHTAQ_1LIB.LLB
Tue Oct 02 09:51:26 Saved as file E:\MUSHTAQ PCB\MUSHTAQ DOC\PCB'S\MUSHTAQ_1LIB.LLB
Tue Oct 02 09:51:26 Loaded file E:\MUSHTAQ PCB\SAJJAD HUSSAIN\CHRONO32C\CHRONO-32C-TDC_R0\LIBRARY\CHRONO32C_LIB.LLB
Tue Oct 02 11:13:08 Loaded file E:\MUSHTAQ PCB\SAJJAD HUSSAIN\CHRONO32C\CHRONO-32C-TDC_R0\LIBRARY\CHRONO32C_LIB.LLB
Tue Oct 02 11:13:08 Saved as file E:\MUSHTAQ PCB\SAJJAD HUSSAIN\CHRONO32C\CHRONO-32C-TDC_R0\LIBRARY\CHRONO32C_LIB.LLB
Tue Oct 02 11:13:08 Loaded file E:\MUSHTAQ PCB\MUSHTAQ DOC\PCB'S\MUSHTAQ_1LIB.LLB
Tue Oct 02 11:17:15 Loaded file C:\OrCAD\OrCAD_10.5\tools\Layout\library\BCON100T.llb
Tue Oct 02 11:17:16 Loaded file C:\OrCAD\OrCAD_10.5\tools\Layout\library\BCON100T.llb
Tue Oct 02 11:17:16 Loaded file C:\OrCAD\OrCAD_10.5\tools\Layout\library\BCON156T.llb
Tue Oct 02 11:17:16 Loaded file C:\OrCAD\OrCAD_10.5\tools\Layout\library\BGA.llb
Tue Oct 02 11:17:16 Loaded file C:\OrCAD\OrCAD_10.5\tools\Layout\library\CLCC.llb
Tue Oct 02 11:17:17 Loaded file C:\OrCAD\OrCAD_10.5\tools\Layout\library\BCON156T.llb
Tue Oct 02 11:17:17 Loaded file C:\OrCAD\OrCAD_10.5\tools\Layout\library\CLCC.llb
Tue Oct 02 11:17:18 Loaded file E:\MUSHTAQ PCB\SAJJAD HUSSAIN\CHRONO32C\CHRONO-32C-TDC_R0\LIBRARY\CHRONO32C_LIB.LLB
Tue Oct 02 11:17:28 Loaded file C:\ORCAD\ORCAD_10.5\TOOLS\LAYOUT_PLUS\LIBRARY\BCON156T.LLB
Tue Oct 02 11:17:28 Loaded file C:\ORCAD\ORCAD_10.5\TOOLS\LAYOUT_PLUS\LIBRARY\METRIC.LLB
Tue Oct 02 11:17:29 Loaded file E:\MUSHTAQ PCB\MUSHTAQ DOC\PCB'S\MUSHTAQ_1LIB.LLB
Tue Oct 02 11:17:32 Loaded file C:\OrCAD\OrCAD_10.5\tools\Layout\data\template.imp
Tue Oct 02 11:17:38 Loaded file E:\MUSHTAQ PCB\SAJJAD HUSSAIN\CHRONO32C\CHRONO-32C-TDC_R0\LIBRARY\CHRONO32C_LIB.LLB
Tue Oct 02 11:17:49 Loaded file C:\OrCAD\OrCAD_10.5\tools\Layout\library\BCON156T.llb
Tue Oct 02 11:17:49 Loaded file C:\OrCAD\OrCAD_10.5\tools\Layout\library\CLCC.llb
Tue Oct 02 11:17:50 Loaded file E:\MUSHTAQ PCB\SAJJAD HUSSAIN\CHRONO32C\CHRONO-32C-TDC_R0\LIBRARY\CHRONO32C_LIB.LLB
Tue Oct 02 11:29:45 Loaded file E:\MUSHTAQ PCB\SAJJAD HUSSAIN\CHRONO32C\CHRONO-32C-TDC_R0\LIBRARY\CHRONO32C_LIB.LLB
Tue Oct 02 11:29:47 Loaded file E:\MUSHTAQ PCB\SAJJAD HUSSAIN\CHRONO32C\CHRONO-32C-TDC_R0\LIBRARY\CHRONO32C_LIB.LLB
Tue Oct 02 11:29:47 Loaded file C:\ORCAD\ORCAD_10.5\TOOLS\LAYOUT_PLUS\LIBRARY\BCON100T.LLB
Tue Oct 02 11:29:47 Loaded file C:\ORCAD\ORCAD_10.5\TOOLS\LAYOUT_PLUS\LIBRARY\BCON156T.LLB
Tue Oct 02 11:29:48 Loaded file C:\ORCAD\ORCAD_10.5\TOOLS\LAYOUT_PLUS\LIBRARY\BGA.LLB
Tue Oct 02 11:29:48 Loaded file C:\ORCAD\ORCAD_10.5\TOOLS\LAYOUT_PLUS\LIBRARY\CLCC.LLB
Tue Oct 02 11:29:48 Loaded file C:\ORCAD\ORCAD_10.5\TOOLS\LAYOUT_PLUS\LIBRARY\DCON050T.LLB
Tue Oct 02 11:29:48 Loaded file C:\ORCAD\ORCAD_10.5\TOOLS\LAYOUT_PLUS\LIBRARY\DCON085T.LLB
Tue Oct 02 11:29:48 Loaded file C:\ORCAD\ORCAD_10.5\TOOLS\LAYOUT_PLUS\LIBRARY\DIMM050F.LLB
Tue Oct 02 11:29:48 Loaded file C:\ORCAD\ORCAD_10.5\TOOLS\LAYOUT_PLUS\LIBRARY\DIMM050T.LLB
Tue Oct 02 11:29:48 Loaded file C:\ORCAD\ORCAD_10.5\TOOLS\LAYOUT_PLUS\LIBRARY\DIN.LLB
Tue Oct 02 11:29:48 Loaded file C:\ORCAD\ORCAD_10.5\TOOLS\LAYOUT_PLUS\LIBRARY\DIP100B.LLB
Tue Oct 02 11:29:48 Loaded file C:\ORCAD\ORCAD_10.5\TOOLS\LAYOUT_PLUS\LIBRARY\DIP100T.LLB
Tue Oct 02 11:29:48 Loaded file C:\ORCAD\ORCAD_10.5\TOOLS\LAYOUT_PLUS\LIBRARY\DSUBT.LLB
Tue Oct 02 11:29:48 Loaded file C:\ORCAD\ORCAD_10.5\TOOLS\LAYOUT_PLUS\LIBRARY\DSUBT_HD.LLB
Tue Oct 02 11:29:48 Loaded file C:\ORCAD\ORCAD_10.5\TOOLS\LAYOUT_PLUS\LIBRARY\ECON100T.LLB
Tue Oct 02 11:29:48 Loaded file C:\ORCAD\ORCAD_10.5\TOOLS\LAYOUT_PLUS\LIBRARY\EMPTY.LLB
Tue Oct 02 11:29:48 Loaded file C:\ORCAD\ORCAD_10.5\TOOLS\LAYOUT_PLUS\LIBRARY\EX_GUI.LLB
Tue Oct 02 11:29:48 Loaded file C:\ORCAD\ORCAD_10.5\TOOLS\LAYOUT_PLUS\LIBRARY\FBUS.LLB
Tue Oct 02 11:29:48 Loaded file C:\ORCAD\ORCAD_10.5\TOOLS\LAYOUT_PLUS\LIBRARY\ISA.LLB
Tue Oct 02 11:29:48 Loaded file C:\ORCAD\ORCAD_10.5\TOOLS\LAYOUT_PLUS\LIBRARY\JUMPER.LLB
Tue Oct 02 11:29:48 Loaded file C:\ORCAD\ORCAD_10.5\TOOLS\LAYOUT_PLUS\LIBRARY\LAYOUT.LLB
Tue Oct 02 11:29:48 Loaded file C:\ORCAD\ORCAD_10.5\TOOLS\LAYOUT_PLUS\LIBRARY\LCON100T.LLB
Tue Oct 02 11:29:48 Loaded file C:\ORCAD\ORCAD_10.5\TOOLS\LAYOUT_PLUS\LIBRARY\METRIC.LLB
Tue Oct 02 11:29:48 Loaded file C:\ORCAD\ORCAD_10.5\TOOLS\LAYOUT_PLUS\LIBRARY\PADSTACK.LLB
Tue Oct 02 11:29:48 Loaded file C:\ORCAD\ORCAD_10.5\TOOLS\LAYOUT_PLUS\LIBRARY\PC104.LLB
Tue Oct 02 11:29:48 Loaded file C:\ORCAD\ORCAD_10.5\TOOLS\LAYOUT_PLUS\LIBRARY\PCI.LLB
Tue Oct 02 11:29:48 Loaded file C:\ORCAD\ORCAD_10.5\TOOLS\LAYOUT_PLUS\LIBRARY\PCON100T.LLB
Tue Oct 02 11:29:48 Loaded file C:\ORCAD\ORCAD_10.5\TOOLS\LAYOUT_PLUS\LIBRARY\PCON156T.LLB
Tue Oct 02 11:29:48 Loaded file C:\ORCAD\ORCAD_10.5\TOOLS\LAYOUT_PLUS\LIBRARY\PGA.LLB
Tue Oct 02 11:29:48 Loaded file C:\ORCAD\ORCAD_10.5\TOOLS\LAYOUT_PLUS\LIBRARY\PLCC.LLB
Tue Oct 02 11:29:48 Loaded file C:\ORCAD\ORCAD_10.5\TOOLS\LAYOUT_PLUS\LIBRARY\QUAD.LLB
Tue Oct 02 11:29:48 Loaded file C:\ORCAD\ORCAD_10.5\TOOLS\LAYOUT_PLUS\LIBRARY\QUADB.LLB
Tue Oct 02 11:29:48 Loaded file C:\ORCAD\ORCAD_10.5\TOOLS\LAYOUT_PLUS\LIBRARY\RELAY.LLB
Tue Oct 02 11:29:48 Loaded file C:\ORCAD\ORCAD_10.5\TOOLS\LAYOUT_PLUS\LIBRARY\RF.LLB
Tue Oct 02 11:29:48 Loaded file C:\ORCAD\ORCAD_10.5\TOOLS\LAYOUT_PLUS\LIBRARY\SBUS.LLB
Tue Oct 02 11:29:48 Loaded file C:\ORCAD\ORCAD_10.5\TOOLS\LAYOUT_PLUS\LIBRARY\SIMM050F.LLB
Tue Oct 02 11:29:48 Loaded file C:\ORCAD\ORCAD_10.5\TOOLS\LAYOUT_PLUS\LIBRARY\SIMM050T.LLB
Tue Oct 02 11:29:48 Loaded file C:\ORCAD\ORCAD_10.5\TOOLS\LAYOUT_PLUS\LIBRARY\SIMM100F.LLB
Tue Oct 02 11:29:48 Loaded file C:\ORCAD\ORCAD_10.5\TOOLS\LAYOUT_PLUS\LIBRARY\SIMM100T.LLB
Tue Oct 02 11:29:48 Loaded file C:\ORCAD\ORCAD_10.5\TOOLS\LAYOUT_PLUS\LIBRARY\SIP.LLB
Tue Oct 02 11:29:48 Loaded file C:\ORCAD\ORCAD_10.5\TOOLS\LAYOUT_PLUS\LIBRARY\SM.LLB
Tue Oct 02 11:29:48 Loaded file C:\ORCAD\ORCAD_10.5\TOOLS\LAYOUT_PLUS\LIBRARY\SOG.LLB
Tue Oct 02 11:29:48 Loaded file C:\ORCAD\ORCAD_10.5\TOOLS\LAYOUT_PLUS\LIBRARY\SOJ.LLB
Tue Oct 02 11:29:48 Loaded file C:\ORCAD\ORCAD_10.5\TOOLS\LAYOUT_PLUS\LIBRARY\STIFF.LLB
Tue Oct 02 11:29:48 Loaded file C:\ORCAD\ORCAD_10.5\TOOLS\LAYOUT_PLUS\LIBRARY\TELE.LLB
Tue Oct 02 11:29:48 Loaded file C:\ORCAD\ORCAD_10.5\TOOLS\LAYOUT_PLUS\LIBRARY\TM_AXIAL.LLB
Tue Oct 02 11:29:48 Loaded file C:\ORCAD\ORCAD_10.5\TOOLS\LAYOUT_PLUS\LIBRARY\TM_CAP_P.LLB
Tue Oct 02 11:29:48 Loaded file C:\ORCAD\ORCAD_10.5\TOOLS\LAYOUT_PLUS\LIBRARY\TM_CYLND.LLB
Tue Oct 02 11:29:48 Loaded file C:\ORCAD\ORCAD_10.5\TOOLS\LAYOUT_PLUS\LIBRARY\TM_DIODE.LLB
Tue Oct 02 11:29:48 Loaded file C:\ORCAD\ORCAD_10.5\TOOLS\LAYOUT_PLUS\LIBRARY\TM_DISC.LLB
Tue Oct 02 11:29:48 Loaded file C:\ORCAD\ORCAD_10.5\TOOLS\LAYOUT_PLUS\LIBRARY\TM_RAD.LLB
Tue Oct 02 11:29:48 Loaded file C:\ORCAD\ORCAD_10.5\TOOLS\LAYOUT_PLUS\LIBRARY\TO.LLB
Tue Oct 02 11:29:48 Loaded file C:\ORCAD\ORCAD_10.5\TOOLS\LAYOUT_PLUS\LIBRARY\TRAINING.LLB
Tue Oct 02 11:29:48 Loaded file C:\ORCAD\ORCAD_10.5\TOOLS\LAYOUT_PLUS\LIBRARY\VRES.LLB
Tue Oct 02 11:29:48 Loaded file C:\ORCAD\ORCAD_10.5\TOOLS\LAYOUT_PLUS\LIBRARY\WCON100T.LLB
Tue Oct 02 11:29:48 Loaded file C:\ORCAD\ORCAD_10.5\TOOLS\LAYOUT_PLUS\LIBRARY\XT.LLB
Tue Oct 02 11:29:48 Loaded file C:\ORCAD\ORCAD_10.5\TOOLS\LAYOUT_PLUS\LIBRARY\ZIGZAG.LLB
Tue Oct 02 11:29:48 Loaded file C:\DOCUMENTS AND SETTINGS\MUSHTAQ KHAN\DESKTOP\COMMON.LLB
Tue Oct 02 11:29:48 Loaded file E:\MUSHTAQ PCB\MUSHTAQ DOC\COMMON.LLB
Tue Oct 02 11:29:48 Loaded file E:\MUSHTAQ PCB\MUSHTAQ DOC\PCB'S\MUSHTAQ_1LIB.LLB
Tue Oct 02 11:29:48 Loaded file E:\MUSHTAQ PCB\MUSHTAQ DOC\BILAL.LLB
Tue Oct 02 11:29:48 Loaded file C:\OrCAD\OrCAD_10.5\tools\Layout\library\BCON100T.llb
Tue Oct 02 11:29:48 Loaded file C:\OrCAD\OrCAD_10.5\tools\Layout\library\BCON156T.llb
Tue Oct 02 11:29:48 Loaded file C:\OrCAD\OrCAD_10.5\tools\Layout\library\BGA.llb
Tue Oct 02 11:29:48 Loaded file C:\OrCAD\OrCAD_10.5\tools\Layout\library\CLCC.llb
Tue Oct 02 11:29:48 Loaded file C:\OrCAD\OrCAD_10.5\tools\Layout\library\DCON050T.llb
Tue Oct 02 11:29:48 Loaded file C:\OrCAD\OrCAD_10.5\tools\Layout\library\DCON085T.llb
Tue Oct 02 11:29:48 Loaded file C:\OrCAD\OrCAD_10.5\tools\Layout\library\DIMM050F.llb
Tue Oct 02 11:29:48 Loaded file C:\OrCAD\OrCAD_10.5\tools\Layout\library\DIMM050T.llb
Tue Oct 02 11:29:48 Loaded file C:\OrCAD\OrCAD_10.5\tools\Layout\library\DIN.llb
Tue Oct 02 11:29:48 Loaded file C:\OrCAD\OrCAD_10.5\tools\Layout\library\DIP100B.llb
Tue Oct 02 11:29:48 Loaded file C:\OrCAD\OrCAD_10.5\tools\Layout\library\DIP100T.llb
Tue Oct 02 11:29:48 Loaded file C:\OrCAD\OrCAD_10.5\tools\Layout\library\DSUBT.llb
Tue Oct 02 11:29:48 Loaded file C:\OrCAD\OrCAD_10.5\tools\Layout\library\DSUBT_HD.LLB
Tue Oct 02 11:29:48 Loaded file C:\OrCAD\OrCAD_10.5\tools\Layout\library\ECON100T.llb
Tue Oct 02 11:29:48 Loaded file C:\OrCAD\OrCAD_10.5\tools\Layout\library\FBUS.llb
Tue Oct 02 11:29:48 Loaded file C:\OrCAD\OrCAD_10.5\tools\Layout\library\ISA.llb
Tue Oct 02 11:29:48 Loaded file C:\OrCAD\OrCAD_10.5\tools\Layout\library\JUMPER.LLB
Tue Oct 02 11:29:48 Loaded file C:\OrCAD\OrCAD_10.5\tools\Layout\library\LAYOUT.llb
Tue Oct 02 11:29:48 Loaded file C:\OrCAD\OrCAD_10.5\tools\Layout\library\LCON100T.llb
Tue Oct 02 11:29:48 Loaded file C:\OrCAD\OrCAD_10.5\tools\Layout\library\PC104.llb
Tue Oct 02 11:29:48 Loaded file C:\OrCAD\OrCAD_10.5\tools\Layout\library\PCI.llb
Tue Oct 02 11:29:48 Loaded file C:\OrCAD\OrCAD_10.5\tools\Layout\library\PCON100T.llb
Tue Oct 02 11:29:48 Loaded file C:\OrCAD\OrCAD_10.5\tools\Layout\library\PCON156T.llb
Tue Oct 02 11:29:48 Loaded file C:\OrCAD\OrCAD_10.5\tools\Layout\library\PGA.llb
Tue Oct 02 11:29:48 Loaded file C:\OrCAD\OrCAD_10.5\tools\Layout\library\PLCC.llb
Tue Oct 02 11:29:48 Loaded file C:\OrCAD\OrCAD_10.5\tools\Layout\library\QUAD.llb
Tue Oct 02 11:29:48 Loaded file C:\OrCAD\OrCAD_10.5\tools\Layout\library\QUADB.llb
Tue Oct 02 11:29:48 Loaded file C:\OrCAD\OrCAD_10.5\tools\Layout\library\RELAY.llb
Tue Oct 02 11:29:48 Loaded file C:\OrCAD\OrCAD_10.5\tools\Layout\library\RF.llb
Tue Oct 02 11:29:48 Loaded file C:\OrCAD\OrCAD_10.5\tools\Layout\library\SBUS.llb
Tue Oct 02 11:29:49 Loaded file C:\OrCAD\OrCAD_10.5\tools\Layout\library\SIMM050F.llb
Tue Oct 02 11:29:49 Loaded file C:\OrCAD\OrCAD_10.5\tools\Layout\library\SIMM050T.llb
Tue Oct 02 11:29:49 Loaded file C:\OrCAD\OrCAD_10.5\tools\Layout\library\SIMM100F.llb
Tue Oct 02 11:29:49 Loaded file C:\OrCAD\OrCAD_10.5\tools\Layout\library\SIMM100T.llb
Tue Oct 02 11:29:49 Loaded file C:\OrCAD\OrCAD_10.5\tools\Layout\library\SIP.llb
Tue Oct 02 11:29:49 Loaded file C:\OrCAD\OrCAD_10.5\tools\Layout\library\SM.llb
Tue Oct 02 11:29:49 Loaded file C:\OrCAD\OrCAD_10.5\tools\Layout\library\SOG.llb
Tue Oct 02 11:29:49 Loaded file C:\OrCAD\OrCAD_10.5\tools\Layout\library\SOJ.llb
Tue Oct 02 11:29:49 Loaded file C:\OrCAD\OrCAD_10.5\tools\Layout\library\STIFF.llb
Tue Oct 02 11:29:49 Loaded file C:\OrCAD\OrCAD_10.5\tools\Layout\library\TELE.llb
Tue Oct 02 11:29:49 Loaded file C:\OrCAD\OrCAD_10.5\tools\Layout\library\TM_AXIAL.llb
Tue Oct 02 11:29:49 Loaded file C:\OrCAD\OrCAD_10.5\tools\Layout\library\TM_CAP_P.llb
Tue Oct 02 11:29:49 Loaded file C:\OrCAD\OrCAD_10.5\tools\Layout\library\TM_CYLND.llb
Tue Oct 02 11:29:49 Loaded file C:\OrCAD\OrCAD_10.5\tools\Layout\library\TM_DIODE.llb
Tue Oct 02 11:29:49 Loaded file C:\OrCAD\OrCAD_10.5\tools\Layout\library\TM_DISC.llb
Tue Oct 02 11:29:49 Loaded file C:\OrCAD\OrCAD_10.5\tools\Layout\library\TM_RAD.llb
Tue Oct 02 11:29:49 Loaded file C:\OrCAD\OrCAD_10.5\tools\Layout\library\TO.llb
Tue Oct 02 11:29:49 Loaded file C:\OrCAD\OrCAD_10.5\tools\Layout\library\TRAINING.LLB
Tue Oct 02 11:29:49 Loaded file C:\OrCAD\OrCAD_10.5\tools\Layout\library\VRES.llb
Tue Oct 02 11:29:49 Loaded file C:\OrCAD\OrCAD_10.5\tools\Layout\library\WCON100T.llb
Tue Oct 02 11:29:49 Loaded file C:\OrCAD\OrCAD_10.5\tools\Layout\library\XT.llb
Tue Oct 02 11:29:49 Loaded file C:\OrCAD\OrCAD_10.5\tools\Layout\library\ZIGZAG.llb
Tue Oct 02 11:29:55 Loaded file C:\OrCAD\OrCAD_10.5\tools\Layout\data\template.imp
Tue Oct 02 11:30:04 Loaded file C:\OrCAD\OrCAD_10.5\tools\Layout\data\template.imp
Tue Oct 02 11:30:04 Loaded file C:\OrCAD\OrCAD_10.5\tools\Layout\data\template.imp
Tue Oct 02 11:30:06 Loaded file C:\OrCAD\OrCAD_10.5\tools\Layout\data\template.imp
Tue Oct 02 11:30:17 Loaded file C:\OrCAD\OrCAD_10.5\tools\Layout\data\template.imp
Tue Oct 02 11:30:18 Loaded file C:\OrCAD\OrCAD_10.5\tools\Layout\data\template.imp
Tue Oct 02 11:30:19 Loaded file C:\OrCAD\OrCAD_10.5\tools\Layout\data\template.imp
Tue Oct 02 11:30:20 Loaded file C:\OrCAD\OrCAD_10.5\tools\Layout\data\template.imp
Tue Oct 02 11:30:22 Loaded file C:\OrCAD\OrCAD_10.5\tools\Layout\data\template.imp
Tue Oct 02 11:30:23 Loaded file C:\OrCAD\OrCAD_10.5\tools\Layout\data\template.imp
Tue Oct 02 11:31:33 Loaded file C:\OrCAD\OrCAD_10.5\tools\Layout\library\BCON100T.llb
Tue Oct 02 11:31:33 Loaded file C:\OrCAD\OrCAD_10.5\tools\Layout\library\BCON100T.llb
Tue Oct 02 11:31:33 Loaded file C:\OrCAD\OrCAD_10.5\tools\Layout\library\BCON156T.llb
Tue Oct 02 11:31:34 Loaded file C:\OrCAD\OrCAD_10.5\tools\Layout\library\BGA.llb
Tue Oct 02 11:31:34 Loaded file C:\OrCAD\OrCAD_10.5\tools\Layout\library\CLCC.llb
Tue Oct 02 11:31:35 Loaded file E:\MUSHTAQ PCB\SAJJAD HUSSAIN\CHRONO32C\CHRONO-32C-TDC_R0\LIBRARY\CHRONO32C_LIB.LLB
Tue Oct 02 11:31:39 Loaded file C:\OrCAD\OrCAD_10.5\tools\Layout\data\template.imp
Tue Oct 02 11:31:48 Loaded file C:\OrCAD\OrCAD_10.5\tools\Layout\data\template.imp
Tue Oct 02 11:31:49 Loaded file C:\OrCAD\OrCAD_10.5\tools\Layout\data\template.imp
Tue Oct 02 11:32:47 Loaded file E:\MUSHTAQ PCB\SAJJAD HUSSAIN\CHRONO32C\CHRONO-32C-TDC_R0\LIBRARY\CHRONO32C_LIB.LLB
Tue Oct 02 11:32:47 Saved as file E:\MUSHTAQ PCB\SAJJAD HUSSAIN\CHRONO32C\CHRONO-32C-TDC_R0\LIBRARY\CHRONO32C_LIB.LLB
Tue Oct 02 11:32:47 Loaded file E:\MUSHTAQ PCB\SAJJAD HUSSAIN\CHRONO32C\CHRONO-32C-TDC_R0\LIBRARY\CHRONO32C_LIB.LLB
Tue Oct 02 11:32:53 Loaded file E:\MUSHTAQ PCB\MUSHTAQ DOC\PCB'S\MUSHTAQ_1LIB.LLB
Tue Oct 02 11:32:53 Saved as file E:\MUSHTAQ PCB\MUSHTAQ DOC\PCB'S\MUSHTAQ_1LIB.LLB
Tue Oct 02 11:32:53 Loaded file E:\MUSHTAQ PCB\SAJJAD HUSSAIN\CHRONO32C\CHRONO-32C-TDC_R0\LIBRARY\CHRONO32C_LIB.LLB
Tue Oct 02 11:48:36 Loaded file C:\ORCAD\ORCAD_10.5\TOOLS\LAYOUT_PLUS\LIBRARY\BCON156T.LLB
Tue Oct 02 11:48:37 Loaded file C:\ORCAD\ORCAD_10.5\TOOLS\LAYOUT_PLUS\LIBRARY\METRIC.LLB
Tue Oct 02 11:48:37 Loaded file E:\MUSHTAQ PCB\MUSHTAQ DOC\PCB'S\MUSHTAQ_1LIB.LLB
Tue Oct 02 11:49:05 Loaded file E:\MUSHTAQ PCB\MUSHTAQ DOC\PCB'S\MUSHTAQ_1LIB.LLB
Tue Oct 02 11:49:05 Loaded file E:\MUSHTAQ PCB\MUSHTAQ DOC\PCB'S\MUSHTAQ_1LIB.LLB
Tue Oct 02 11:49:05 Loaded file E:\MUSHTAQ PCB\MUSHTAQ DOC\BILAL.LLB
Tue Oct 02 11:49:05 Loaded file C:\OrCAD\OrCAD_10.5\tools\Layout\library\BCON100T.llb
Tue Oct 02 11:49:05 Loaded file C:\OrCAD\OrCAD_10.5\tools\Layout\library\BCON156T.llb
Tue Oct 02 11:49:05 Loaded file C:\OrCAD\OrCAD_10.5\tools\Layout\library\BGA.llb
Tue Oct 02 11:49:05 Loaded file C:\OrCAD\OrCAD_10.5\tools\Layout\library\CLCC.llb
Tue Oct 02 11:49:06 Loaded file E:\MUSHTAQ PCB\SAJJAD HUSSAIN\CHRONO32C\CHRONO-32C-TDC_R0\LIBRARY\CHRONO32C_LIB.LLB
Tue Oct 02 11:50:13 Loaded file C:\ORCAD\ORCAD_10.5\TOOLS\LAYOUT_PLUS\LIBRARY\BCON156T.LLB
Tue Oct 02 11:50:14 Loaded file C:\ORCAD\ORCAD_10.5\TOOLS\LAYOUT_PLUS\LIBRARY\BCON156T.LLB
Tue Oct 02 11:50:14 Loaded file C:\ORCAD\ORCAD_10.5\TOOLS\LAYOUT_PLUS\LIBRARY\BGA.LLB
Tue Oct 02 11:50:14 Loaded file C:\ORCAD\ORCAD_10.5\TOOLS\LAYOUT_PLUS\LIBRARY\CLCC.LLB
Tue Oct 02 11:50:14 Loaded file C:\ORCAD\ORCAD_10.5\TOOLS\LAYOUT_PLUS\LIBRARY\DCON050T.LLB
Tue Oct 02 11:50:14 Loaded file C:\ORCAD\ORCAD_10.5\TOOLS\LAYOUT_PLUS\LIBRARY\DCON085T.LLB
Tue Oct 02 11:50:14 Loaded file C:\ORCAD\ORCAD_10.5\TOOLS\LAYOUT_PLUS\LIBRARY\DIMM050F.LLB
Tue Oct 02 11:50:14 Loaded file C:\ORCAD\ORCAD_10.5\TOOLS\LAYOUT_PLUS\LIBRARY\DIMM050T.LLB
Tue Oct 02 11:50:14 Loaded file C:\ORCAD\ORCAD_10.5\TOOLS\LAYOUT_PLUS\LIBRARY\DIN.LLB
Tue Oct 02 11:50:14 Loaded file C:\ORCAD\ORCAD_10.5\TOOLS\LAYOUT_PLUS\LIBRARY\DIP100B.LLB
Tue Oct 02 11:50:14 Loaded file C:\ORCAD\ORCAD_10.5\TOOLS\LAYOUT_PLUS\LIBRARY\DIP100T.LLB
Tue Oct 02 11:50:14 Loaded file C:\ORCAD\ORCAD_10.5\TOOLS\LAYOUT_PLUS\LIBRARY\DSUBT.LLB
Tue Oct 02 11:50:14 Loaded file C:\ORCAD\ORCAD_10.5\TOOLS\LAYOUT_PLUS\LIBRARY\DSUBT_HD.LLB
Tue Oct 02 11:50:14 Loaded file C:\ORCAD\ORCAD_10.5\TOOLS\LAYOUT_PLUS\LIBRARY\ECON100T.LLB
Tue Oct 02 11:50:14 Loaded file C:\ORCAD\ORCAD_10.5\TOOLS\LAYOUT_PLUS\LIBRARY\EMPTY.LLB
Tue Oct 02 11:50:14 Loaded file C:\ORCAD\ORCAD_10.5\TOOLS\LAYOUT_PLUS\LIBRARY\EX_GUI.LLB
Tue Oct 02 11:50:14 Loaded file C:\ORCAD\ORCAD_10.5\TOOLS\LAYOUT_PLUS\LIBRARY\FBUS.LLB
Tue Oct 02 11:50:14 Loaded file C:\ORCAD\ORCAD_10.5\TOOLS\LAYOUT_PLUS\LIBRARY\ISA.LLB
Tue Oct 02 11:50:14 Loaded file C:\ORCAD\ORCAD_10.5\TOOLS\LAYOUT_PLUS\LIBRARY\JUMPER.LLB
Tue Oct 02 11:50:14 Loaded file C:\ORCAD\ORCAD_10.5\TOOLS\LAYOUT_PLUS\LIBRARY\LAYOUT.LLB
Tue Oct 02 11:50:14 Loaded file C:\ORCAD\ORCAD_10.5\TOOLS\LAYOUT_PLUS\LIBRARY\LCON100T.LLB
Tue Oct 02 11:50:14 Loaded file C:\ORCAD\ORCAD_10.5\TOOLS\LAYOUT_PLUS\LIBRARY\METRIC.LLB
Tue Oct 02 11:50:15 Loaded file E:\MUSHTAQ PCB\MUSHTAQ DOC\PCB'S\MUSHTAQ_1LIB.LLB
Tue Oct 02 11:50:22 Loaded file C:\OrCAD\OrCAD_10.5\tools\Layout\data\template.imp
Tue Oct 02 11:50:32 Loaded file E:\MUSHTAQ PCB\SAJJAD HUSSAIN\CHRONO32C\CHRONO-32C-TDC_R0\LIBRARY\CHRONO32C_LIB.LLB
Tue Oct 02 11:50:32 Saved as file E:\MUSHTAQ PCB\SAJJAD HUSSAIN\CHRONO32C\CHRONO-32C-TDC_R0\LIBRARY\CHRONO32C_LIB.LLB
Tue Oct 02 11:50:32 Loaded file E:\MUSHTAQ PCB\MUSHTAQ DOC\PCB'S\MUSHTAQ_1LIB.LLB
Tue Oct 02 11:51:14 Loaded file C:\OrCAD\OrCAD_10.5\tools\Layout\library\BCON156T.llb
Tue Oct 02 11:51:15 Loaded file C:\OrCAD\OrCAD_10.5\tools\Layout\library\BCON156T.llb
Tue Oct 02 11:51:15 Loaded file C:\OrCAD\OrCAD_10.5\tools\Layout\library\BGA.llb
Tue Oct 02 11:51:15 Loaded file C:\OrCAD\OrCAD_10.5\tools\Layout\library\CLCC.llb
Tue Oct 02 11:51:16 Loaded file C:\OrCAD\OrCAD_10.5\tools\Layout\library\BGA.llb
Tue Oct 02 11:51:16 Loaded file C:\OrCAD\OrCAD_10.5\tools\Layout\library\CLCC.llb
Tue Oct 02 11:51:17 Loaded file E:\MUSHTAQ PCB\SAJJAD HUSSAIN\CHRONO32C\CHRONO-32C-TDC_R0\LIBRARY\CHRONO32C_LIB.LLB
Tue Oct 02 11:51:28 Loaded file E:\MUSHTAQ PCB\MUSHTAQ DOC\PCB'S\MUSHTAQ_1LIB.LLB
Tue Oct 02 11:51:33 Loaded file C:\ORCAD\ORCAD_10.5\TOOLS\LAYOUT_PLUS\LIBRARY\BCON156T.LLB
Tue Oct 02 11:51:34 Loaded file C:\ORCAD\ORCAD_10.5\TOOLS\LAYOUT_PLUS\LIBRARY\METRIC.LLB
Tue Oct 02 11:51:34 Loaded file E:\MUSHTAQ PCB\MUSHTAQ DOC\PCB'S\MUSHTAQ_1LIB.LLB
Tue Oct 02 11:51:59 Loaded file E:\MUSHTAQ PCB\MUSHTAQ DOC\PCB'S\MUSHTAQ_1LIB.LLB
Tue Oct 02 11:51:59 Loaded file C:\OrCAD\OrCAD_10.5\tools\Layout\library\CLCC.llb
Tue Oct 02 11:52:00 Loaded file E:\MUSHTAQ PCB\SAJJAD HUSSAIN\CHRONO32C\CHRONO-32C-TDC_R0\LIBRARY\CHRONO32C_LIB.LLB
Tue Oct 02 11:52:03 Loaded file C:\OrCAD\OrCAD_10.5\tools\Layout\data\template.imp
Tue Oct 02 11:52:09 Loaded file E:\MUSHTAQ PCB\MUSHTAQ DOC\PCB'S\MUSHTAQ_1LIB.LLB
Tue Oct 02 11:52:09 Saved as file E:\MUSHTAQ PCB\MUSHTAQ DOC\PCB'S\MUSHTAQ_1LIB.LLB
Tue Oct 02 11:52:09 Loaded file E:\MUSHTAQ PCB\SAJJAD HUSSAIN\CHRONO32C\CHRONO-32C-TDC_R0\LIBRARY\CHRONO32C_LIB.LLB
Tue Oct 02 11:52:41 Loaded file C:\ORCAD\ORCAD_10.5\TOOLS\LAYOUT_PLUS\LIBRARY\BGA.LLB
Tue Oct 02 11:52:41 Loaded file C:\ORCAD\ORCAD_10.5\TOOLS\LAYOUT_PLUS\LIBRARY\METRIC.LLB
Tue Oct 02 11:52:42 Loaded file E:\MUSHTAQ PCB\MUSHTAQ DOC\PCB'S\MUSHTAQ_1LIB.LLB
Tue Oct 02 11:52:51 Loaded file E:\MUSHTAQ PCB\MUSHTAQ DOC\PCB'S\MUSHTAQ_1LIB.LLB
Tue Oct 02 11:52:52 Loaded file C:\OrCAD\OrCAD_10.5\tools\Layout\library\CLCC.llb
Tue Oct 02 11:52:52 Loaded file E:\MUSHTAQ PCB\SAJJAD HUSSAIN\CHRONO32C\CHRONO-32C-TDC_R0\LIBRARY\CHRONO32C_LIB.LLB
Tue Oct 02 11:53:01 Loaded file E:\MUSHTAQ PCB\SAJJAD HUSSAIN\CHRONO32C\CHRONO-32C-TDC_R0\LIBRARY\CHRONO32C_LIB.LLB
Tue Oct 02 11:53:01 Loaded file C:\ORCAD\ORCAD_10.5\TOOLS\LAYOUT_PLUS\LIBRARY\BCON100T.LLB
Tue Oct 02 11:53:01 Loaded file C:\ORCAD\ORCAD_10.5\TOOLS\LAYOUT_PLUS\LIBRARY\BCON156T.LLB
Tue Oct 02 11:53:01 Loaded file C:\ORCAD\ORCAD_10.5\TOOLS\LAYOUT_PLUS\LIBRARY\BGA.LLB
Tue Oct 02 11:53:01 Loaded file C:\ORCAD\ORCAD_10.5\TOOLS\LAYOUT_PLUS\LIBRARY\CLCC.LLB
Tue Oct 02 11:53:01 Loaded file C:\ORCAD\ORCAD_10.5\TOOLS\LAYOUT_PLUS\LIBRARY\DCON050T.LLB
Tue Oct 02 11:53:01 Loaded file C:\ORCAD\ORCAD_10.5\TOOLS\LAYOUT_PLUS\LIBRARY\DCON085T.LLB
Tue Oct 02 11:53:01 Loaded file C:\ORCAD\ORCAD_10.5\TOOLS\LAYOUT_PLUS\LIBRARY\DIMM050F.LLB
Tue Oct 02 11:53:01 Loaded file C:\ORCAD\ORCAD_10.5\TOOLS\LAYOUT_PLUS\LIBRARY\DIMM050T.LLB
Tue Oct 02 11:53:01 Loaded file C:\ORCAD\ORCAD_10.5\TOOLS\LAYOUT_PLUS\LIBRARY\DIN.LLB
Tue Oct 02 11:53:01 Loaded file C:\ORCAD\ORCAD_10.5\TOOLS\LAYOUT_PLUS\LIBRARY\DIP100B.LLB
Tue Oct 02 11:53:01 Loaded file C:\ORCAD\ORCAD_10.5\TOOLS\LAYOUT_PLUS\LIBRARY\DIP100T.LLB
Tue Oct 02 11:53:01 Loaded file C:\ORCAD\ORCAD_10.5\TOOLS\LAYOUT_PLUS\LIBRARY\DSUBT.LLB
Tue Oct 02 11:53:01 Loaded file C:\ORCAD\ORCAD_10.5\TOOLS\LAYOUT_PLUS\LIBRARY\DSUBT_HD.LLB
Tue Oct 02 11:53:01 Loaded file C:\ORCAD\ORCAD_10.5\TOOLS\LAYOUT_PLUS\LIBRARY\ECON100T.LLB
Tue Oct 02 11:53:01 Loaded file C:\ORCAD\ORCAD_10.5\TOOLS\LAYOUT_PLUS\LIBRARY\EMPTY.LLB
Tue Oct 02 11:53:01 Loaded file C:\ORCAD\ORCAD_10.5\TOOLS\LAYOUT_PLUS\LIBRARY\EX_GUI.LLB
Tue Oct 02 11:53:01 Loaded file C:\ORCAD\ORCAD_10.5\TOOLS\LAYOUT_PLUS\LIBRARY\FBUS.LLB
Tue Oct 02 11:53:01 Loaded file C:\ORCAD\ORCAD_10.5\TOOLS\LAYOUT_PLUS\LIBRARY\ISA.LLB
Tue Oct 02 11:53:01 Loaded file C:\ORCAD\ORCAD_10.5\TOOLS\LAYOUT_PLUS\LIBRARY\JUMPER.LLB
Tue Oct 02 11:53:01 Loaded file C:\ORCAD\ORCAD_10.5\TOOLS\LAYOUT_PLUS\LIBRARY\LAYOUT.LLB
Tue Oct 02 11:53:01 Loaded file C:\ORCAD\ORCAD_10.5\TOOLS\LAYOUT_PLUS\LIBRARY\LCON100T.LLB
Tue Oct 02 11:53:01 Loaded file C:\ORCAD\ORCAD_10.5\TOOLS\LAYOUT_PLUS\LIBRARY\METRIC.LLB
Tue Oct 02 11:53:01 Loaded file C:\ORCAD\ORCAD_10.5\TOOLS\LAYOUT_PLUS\LIBRARY\PADSTACK.LLB
Tue Oct 02 11:53:01 Loaded file C:\ORCAD\ORCAD_10.5\TOOLS\LAYOUT_PLUS\LIBRARY\PC104.LLB
Tue Oct 02 11:53:01 Loaded file C:\ORCAD\ORCAD_10.5\TOOLS\LAYOUT_PLUS\LIBRARY\PCI.LLB
Tue Oct 02 11:53:01 Loaded file C:\ORCAD\ORCAD_10.5\TOOLS\LAYOUT_PLUS\LIBRARY\PCON100T.LLB
Tue Oct 02 11:53:01 Loaded file C:\ORCAD\ORCAD_10.5\TOOLS\LAYOUT_PLUS\LIBRARY\PCON156T.LLB
Tue Oct 02 11:53:01 Loaded file C:\ORCAD\ORCAD_10.5\TOOLS\LAYOUT_PLUS\LIBRARY\PGA.LLB
Tue Oct 02 11:53:01 Loaded file C:\ORCAD\ORCAD_10.5\TOOLS\LAYOUT_PLUS\LIBRARY\PLCC.LLB
Tue Oct 02 11:53:01 Loaded file C:\ORCAD\ORCAD_10.5\TOOLS\LAYOUT_PLUS\LIBRARY\QUAD.LLB
Tue Oct 02 11:53:01 Loaded file C:\ORCAD\ORCAD_10.5\TOOLS\LAYOUT_PLUS\LIBRARY\QUADB.LLB
Tue Oct 02 11:53:01 Loaded file C:\ORCAD\ORCAD_10.5\TOOLS\LAYOUT_PLUS\LIBRARY\RELAY.LLB
Tue Oct 02 11:53:01 Loaded file C:\ORCAD\ORCAD_10.5\TOOLS\LAYOUT_PLUS\LIBRARY\RF.LLB
Tue Oct 02 11:53:01 Loaded file C:\ORCAD\ORCAD_10.5\TOOLS\LAYOUT_PLUS\LIBRARY\SBUS.LLB
Tue Oct 02 11:53:01 Loaded file C:\ORCAD\ORCAD_10.5\TOOLS\LAYOUT_PLUS\LIBRARY\SIMM050F.LLB
Tue Oct 02 11:53:01 Loaded file C:\ORCAD\ORCAD_10.5\TOOLS\LAYOUT_PLUS\LIBRARY\SIMM050T.LLB
Tue Oct 02 11:53:01 Loaded file C:\ORCAD\ORCAD_10.5\TOOLS\LAYOUT_PLUS\LIBRARY\SIMM100F.LLB
Tue Oct 02 11:53:01 Loaded file C:\ORCAD\ORCAD_10.5\TOOLS\LAYOUT_PLUS\LIBRARY\SIMM100T.LLB
Tue Oct 02 11:53:01 Loaded file C:\ORCAD\ORCAD_10.5\TOOLS\LAYOUT_PLUS\LIBRARY\SIP.LLB
Tue Oct 02 11:53:01 Loaded file C:\ORCAD\ORCAD_10.5\TOOLS\LAYOUT_PLUS\LIBRARY\SM.LLB
Tue Oct 02 11:53:01 Loaded file C:\ORCAD\ORCAD_10.5\TOOLS\LAYOUT_PLUS\LIBRARY\SOG.LLB
Tue Oct 02 11:53:01 Loaded file C:\ORCAD\ORCAD_10.5\TOOLS\LAYOUT_PLUS\LIBRARY\SOJ.LLB
Tue Oct 02 11:53:01 Loaded file C:\ORCAD\ORCAD_10.5\TOOLS\LAYOUT_PLUS\LIBRARY\STIFF.LLB
Tue Oct 02 11:53:01 Loaded file C:\ORCAD\ORCAD_10.5\TOOLS\LAYOUT_PLUS\LIBRARY\TELE.LLB
Tue Oct 02 11:53:01 Loaded file C:\ORCAD\ORCAD_10.5\TOOLS\LAYOUT_PLUS\LIBRARY\TM_AXIAL.LLB
Tue Oct 02 11:53:01 Loaded file C:\ORCAD\ORCAD_10.5\TOOLS\LAYOUT_PLUS\LIBRARY\TM_CAP_P.LLB
Tue Oct 02 11:53:01 Loaded file C:\ORCAD\ORCAD_10.5\TOOLS\LAYOUT_PLUS\LIBRARY\TM_CYLND.LLB
Tue Oct 02 11:53:01 Loaded file C:\ORCAD\ORCAD_10.5\TOOLS\LAYOUT_PLUS\LIBRARY\TM_DIODE.LLB
Tue Oct 02 11:53:01 Loaded file C:\ORCAD\ORCAD_10.5\TOOLS\LAYOUT_PLUS\LIBRARY\TM_DISC.LLB
Tue Oct 02 11:53:01 Loaded file C:\ORCAD\ORCAD_10.5\TOOLS\LAYOUT_PLUS\LIBRARY\TM_RAD.LLB
Tue Oct 02 11:53:01 Loaded file C:\ORCAD\ORCAD_10.5\TOOLS\LAYOUT_PLUS\LIBRARY\TO.LLB
Tue Oct 02 11:53:01 Loaded file C:\ORCAD\ORCAD_10.5\TOOLS\LAYOUT_PLUS\LIBRARY\TRAINING.LLB
Tue Oct 02 11:53:01 Loaded file C:\ORCAD\ORCAD_10.5\TOOLS\LAYOUT_PLUS\LIBRARY\VRES.LLB
Tue Oct 02 11:53:01 Loaded file C:\ORCAD\ORCAD_10.5\TOOLS\LAYOUT_PLUS\LIBRARY\WCON100T.LLB
Tue Oct 02 11:53:01 Loaded file C:\ORCAD\ORCAD_10.5\TOOLS\LAYOUT_PLUS\LIBRARY\XT.LLB
Tue Oct 02 11:53:01 Loaded file C:\ORCAD\ORCAD_10.5\TOOLS\LAYOUT_PLUS\LIBRARY\ZIGZAG.LLB
Tue Oct 02 11:53:01 Loaded file C:\DOCUMENTS AND SETTINGS\MUSHTAQ KHAN\DESKTOP\COMMON.LLB
Tue Oct 02 11:53:01 Loaded file E:\MUSHTAQ PCB\MUSHTAQ DOC\COMMON.LLB
Tue Oct 02 11:53:01 Loaded file E:\MUSHTAQ PCB\MUSHTAQ DOC\PCB'S\MUSHTAQ_1LIB.LLB
Tue Oct 02 11:53:01 Loaded file E:\MUSHTAQ PCB\MUSHTAQ DOC\BILAL.LLB
Tue Oct 02 11:53:01 Loaded file C:\OrCAD\OrCAD_10.5\tools\Layout\library\BCON100T.llb
Tue Oct 02 11:53:01 Loaded file C:\OrCAD\OrCAD_10.5\tools\Layout\library\BCON156T.llb
Tue Oct 02 11:53:01 Loaded file C:\OrCAD\OrCAD_10.5\tools\Layout\library\BGA.llb
Tue Oct 02 11:53:01 Loaded file C:\OrCAD\OrCAD_10.5\tools\Layout\library\CLCC.llb
Tue Oct 02 11:53:01 Loaded file C:\OrCAD\OrCAD_10.5\tools\Layout\library\DCON050T.llb
Tue Oct 02 11:53:01 Loaded file C:\OrCAD\OrCAD_10.5\tools\Layout\library\DCON085T.llb
Tue Oct 02 11:53:01 Loaded file C:\OrCAD\OrCAD_10.5\tools\Layout\library\DIMM050F.llb
Tue Oct 02 11:53:01 Loaded file C:\OrCAD\OrCAD_10.5\tools\Layout\library\DIMM050T.llb
Tue Oct 02 11:53:01 Loaded file C:\OrCAD\OrCAD_10.5\tools\Layout\library\DIN.llb
Tue Oct 02 11:53:01 Loaded file C:\OrCAD\OrCAD_10.5\tools\Layout\library\DIP100B.llb
Tue Oct 02 11:53:01 Loaded file C:\OrCAD\OrCAD_10.5\tools\Layout\library\DIP100T.llb
Tue Oct 02 11:53:01 Loaded file C:\OrCAD\OrCAD_10.5\tools\Layout\library\DSUBT.llb
Tue Oct 02 11:53:01 Loaded file C:\OrCAD\OrCAD_10.5\tools\Layout\library\DSUBT_HD.LLB
Tue Oct 02 11:53:01 Loaded file C:\OrCAD\OrCAD_10.5\tools\Layout\library\ECON100T.llb
Tue Oct 02 11:53:01 Loaded file C:\OrCAD\OrCAD_10.5\tools\Layout\library\FBUS.llb
Tue Oct 02 11:53:01 Loaded file C:\OrCAD\OrCAD_10.5\tools\Layout\library\ISA.llb
Tue Oct 02 11:53:01 Loaded file C:\OrCAD\OrCAD_10.5\tools\Layout\library\JUMPER.LLB
Tue Oct 02 11:53:01 Loaded file C:\OrCAD\OrCAD_10.5\tools\Layout\library\LAYOUT.llb
Tue Oct 02 11:53:01 Loaded file C:\OrCAD\OrCAD_10.5\tools\Layout\library\LCON100T.llb
Tue Oct 02 11:53:01 Loaded file C:\OrCAD\OrCAD_10.5\tools\Layout\library\PC104.llb
Tue Oct 02 11:53:01 Loaded file C:\OrCAD\OrCAD_10.5\tools\Layout\library\PCI.llb
Tue Oct 02 11:53:01 Loaded file C:\OrCAD\OrCAD_10.5\tools\Layout\library\PCON100T.llb
Tue Oct 02 11:53:01 Loaded file C:\OrCAD\OrCAD_10.5\tools\Layout\library\PCON156T.llb
Tue Oct 02 11:53:01 Loaded file C:\OrCAD\OrCAD_10.5\tools\Layout\library\PGA.llb
Tue Oct 02 11:53:01 Loaded file C:\OrCAD\OrCAD_10.5\tools\Layout\library\PLCC.llb
Tue Oct 02 11:53:01 Loaded file C:\OrCAD\OrCAD_10.5\tools\Layout\library\QUAD.llb
Tue Oct 02 11:53:02 Loaded file C:\OrCAD\OrCAD_10.5\tools\Layout\library\QUADB.llb
Tue Oct 02 11:53:02 Loaded file C:\OrCAD\OrCAD_10.5\tools\Layout\library\RELAY.llb
Tue Oct 02 11:53:02 Loaded file C:\OrCAD\OrCAD_10.5\tools\Layout\library\RF.llb
Tue Oct 02 11:53:02 Loaded file C:\OrCAD\OrCAD_10.5\tools\Layout\library\SBUS.llb
Tue Oct 02 11:53:02 Loaded file C:\OrCAD\OrCAD_10.5\tools\Layout\library\SIMM050F.llb
Tue Oct 02 11:53:02 Loaded file C:\OrCAD\OrCAD_10.5\tools\Layout\library\SIMM050T.llb
Tue Oct 02 11:53:02 Loaded file C:\OrCAD\OrCAD_10.5\tools\Layout\library\SIMM100F.llb
Tue Oct 02 11:53:02 Loaded file C:\OrCAD\OrCAD_10.5\tools\Layout\library\SIMM100T.llb
Tue Oct 02 11:53:02 Loaded file C:\OrCAD\OrCAD_10.5\tools\Layout\library\SIP.llb
Tue Oct 02 11:53:02 Loaded file C:\OrCAD\OrCAD_10.5\tools\Layout\library\SM.llb
Tue Oct 02 11:53:02 Loaded file C:\OrCAD\OrCAD_10.5\tools\Layout\library\SOG.llb
Tue Oct 02 11:53:02 Loaded file C:\OrCAD\OrCAD_10.5\tools\Layout\library\SOJ.llb
Tue Oct 02 11:53:02 Loaded file C:\OrCAD\OrCAD_10.5\tools\Layout\library\STIFF.llb
Tue Oct 02 11:53:02 Loaded file C:\OrCAD\OrCAD_10.5\tools\Layout\library\TELE.llb
Tue Oct 02 11:53:02 Loaded file C:\OrCAD\OrCAD_10.5\tools\Layout\library\TM_AXIAL.llb
Tue Oct 02 11:53:02 Loaded file C:\OrCAD\OrCAD_10.5\tools\Layout\library\TM_CAP_P.llb
Tue Oct 02 11:53:02 Loaded file C:\OrCAD\OrCAD_10.5\tools\Layout\library\TM_CYLND.llb
Tue Oct 02 11:53:02 Loaded file C:\OrCAD\OrCAD_10.5\tools\Layout\library\TM_DIODE.llb
Tue Oct 02 11:53:02 Loaded file C:\OrCAD\OrCAD_10.5\tools\Layout\library\TM_DISC.llb
Tue Oct 02 11:53:02 Loaded file C:\OrCAD\OrCAD_10.5\tools\Layout\library\TM_RAD.llb
Tue Oct 02 11:53:02 Loaded file C:\OrCAD\OrCAD_10.5\tools\Layout\library\TO.llb
Tue Oct 02 11:53:02 Loaded file C:\OrCAD\OrCAD_10.5\tools\Layout\library\TRAINING.LLB
Tue Oct 02 11:53:02 Loaded file C:\OrCAD\OrCAD_10.5\tools\Layout\library\VRES.llb
Tue Oct 02 11:53:02 Loaded file C:\OrCAD\OrCAD_10.5\tools\Layout\library\WCON100T.llb
Tue Oct 02 11:53:02 Loaded file C:\OrCAD\OrCAD_10.5\tools\Layout\library\XT.llb
Tue Oct 02 11:53:02 Loaded file C:\OrCAD\OrCAD_10.5\tools\Layout\library\ZIGZAG.llb
Tue Oct 02 11:53:05 Loaded file C:\ORCAD\ORCAD_10.5\TOOLS\LAYOUT_PLUS\LIBRARY\VRES.LLB
Tue Oct 02 11:53:10 Loaded file E:\MUSHTAQ PCB\SAJJAD HUSSAIN\CHRONO32C\CHRONO-32C-TDC_R0\LIBRARY\CHRONO32C_LIB.LLB
Tue Oct 02 11:53:10 Loaded file C:\ORCAD\ORCAD_10.5\TOOLS\LAYOUT_PLUS\LIBRARY\BCON100T.LLB
Tue Oct 02 11:53:10 Loaded file C:\ORCAD\ORCAD_10.5\TOOLS\LAYOUT_PLUS\LIBRARY\BCON156T.LLB
Tue Oct 02 11:53:10 Loaded file C:\ORCAD\ORCAD_10.5\TOOLS\LAYOUT_PLUS\LIBRARY\BGA.LLB
Tue Oct 02 11:53:10 Loaded file C:\ORCAD\ORCAD_10.5\TOOLS\LAYOUT_PLUS\LIBRARY\CLCC.LLB
Tue Oct 02 11:53:10 Loaded file C:\ORCAD\ORCAD_10.5\TOOLS\LAYOUT_PLUS\LIBRARY\DCON050T.LLB
Tue Oct 02 11:53:10 Loaded file C:\ORCAD\ORCAD_10.5\TOOLS\LAYOUT_PLUS\LIBRARY\DCON085T.LLB
Tue Oct 02 11:53:10 Loaded file C:\ORCAD\ORCAD_10.5\TOOLS\LAYOUT_PLUS\LIBRARY\DIMM050F.LLB
Tue Oct 02 11:53:10 Loaded file C:\ORCAD\ORCAD_10.5\TOOLS\LAYOUT_PLUS\LIBRARY\DIMM050T.LLB
Tue Oct 02 11:53:10 Loaded file C:\ORCAD\ORCAD_10.5\TOOLS\LAYOUT_PLUS\LIBRARY\DIN.LLB
Tue Oct 02 11:53:10 Loaded file C:\ORCAD\ORCAD_10.5\TOOLS\LAYOUT_PLUS\LIBRARY\DIP100B.LLB
Tue Oct 02 11:53:10 Loaded file C:\ORCAD\ORCAD_10.5\TOOLS\LAYOUT_PLUS\LIBRARY\DIP100T.LLB
Tue Oct 02 11:53:10 Loaded file C:\ORCAD\ORCAD_10.5\TOOLS\LAYOUT_PLUS\LIBRARY\DSUBT.LLB
Tue Oct 02 11:53:10 Loaded file C:\ORCAD\ORCAD_10.5\TOOLS\LAYOUT_PLUS\LIBRARY\DSUBT_HD.LLB
Tue Oct 02 11:53:10 Loaded file C:\ORCAD\ORCAD_10.5\TOOLS\LAYOUT_PLUS\LIBRARY\ECON100T.LLB
Tue Oct 02 11:53:10 Loaded file C:\ORCAD\ORCAD_10.5\TOOLS\LAYOUT_PLUS\LIBRARY\EMPTY.LLB
Tue Oct 02 11:53:10 Loaded file C:\ORCAD\ORCAD_10.5\TOOLS\LAYOUT_PLUS\LIBRARY\EX_GUI.LLB
Tue Oct 02 11:53:10 Loaded file C:\ORCAD\ORCAD_10.5\TOOLS\LAYOUT_PLUS\LIBRARY\FBUS.LLB
Tue Oct 02 11:53:10 Loaded file C:\ORCAD\ORCAD_10.5\TOOLS\LAYOUT_PLUS\LIBRARY\ISA.LLB
Tue Oct 02 11:53:10 Loaded file C:\ORCAD\ORCAD_10.5\TOOLS\LAYOUT_PLUS\LIBRARY\JUMPER.LLB
Tue Oct 02 11:53:10 Loaded file C:\ORCAD\ORCAD_10.5\TOOLS\LAYOUT_PLUS\LIBRARY\LAYOUT.LLB
Tue Oct 02 11:53:10 Loaded file C:\ORCAD\ORCAD_10.5\TOOLS\LAYOUT_PLUS\LIBRARY\LCON100T.LLB
Tue Oct 02 11:53:10 Loaded file C:\ORCAD\ORCAD_10.5\TOOLS\LAYOUT_PLUS\LIBRARY\METRIC.LLB
Tue Oct 02 11:53:10 Loaded file C:\ORCAD\ORCAD_10.5\TOOLS\LAYOUT_PLUS\LIBRARY\PADSTACK.LLB
Tue Oct 02 11:53:10 Loaded file C:\ORCAD\ORCAD_10.5\TOOLS\LAYOUT_PLUS\LIBRARY\PC104.LLB
Tue Oct 02 11:53:10 Loaded file C:\ORCAD\ORCAD_10.5\TOOLS\LAYOUT_PLUS\LIBRARY\PCI.LLB
Tue Oct 02 11:53:10 Loaded file C:\ORCAD\ORCAD_10.5\TOOLS\LAYOUT_PLUS\LIBRARY\PCON100T.LLB
Tue Oct 02 11:53:10 Loaded file C:\ORCAD\ORCAD_10.5\TOOLS\LAYOUT_PLUS\LIBRARY\PCON156T.LLB
Tue Oct 02 11:53:10 Loaded file C:\ORCAD\ORCAD_10.5\TOOLS\LAYOUT_PLUS\LIBRARY\PGA.LLB
Tue Oct 02 11:53:10 Loaded file C:\ORCAD\ORCAD_10.5\TOOLS\LAYOUT_PLUS\LIBRARY\PLCC.LLB
Tue Oct 02 11:53:10 Loaded file C:\ORCAD\ORCAD_10.5\TOOLS\LAYOUT_PLUS\LIBRARY\QUAD.LLB
Tue Oct 02 11:53:10 Loaded file C:\ORCAD\ORCAD_10.5\TOOLS\LAYOUT_PLUS\LIBRARY\QUADB.LLB
Tue Oct 02 11:53:10 Loaded file C:\ORCAD\ORCAD_10.5\TOOLS\LAYOUT_PLUS\LIBRARY\RELAY.LLB
Tue Oct 02 11:53:10 Loaded file C:\ORCAD\ORCAD_10.5\TOOLS\LAYOUT_PLUS\LIBRARY\RF.LLB
Tue Oct 02 11:53:10 Loaded file C:\ORCAD\ORCAD_10.5\TOOLS\LAYOUT_PLUS\LIBRARY\SBUS.LLB
Tue Oct 02 11:53:10 Loaded file C:\ORCAD\ORCAD_10.5\TOOLS\LAYOUT_PLUS\LIBRARY\SIMM050F.LLB
Tue Oct 02 11:53:10 Loaded file C:\ORCAD\ORCAD_10.5\TOOLS\LAYOUT_PLUS\LIBRARY\SIMM050T.LLB
Tue Oct 02 11:53:10 Loaded file C:\ORCAD\ORCAD_10.5\TOOLS\LAYOUT_PLUS\LIBRARY\SIMM100F.LLB
Tue Oct 02 11:53:10 Loaded file C:\ORCAD\ORCAD_10.5\TOOLS\LAYOUT_PLUS\LIBRARY\SIMM100T.LLB
Tue Oct 02 11:53:10 Loaded file C:\ORCAD\ORCAD_10.5\TOOLS\LAYOUT_PLUS\LIBRARY\SIP.LLB
Tue Oct 02 11:53:10 Loaded file C:\ORCAD\ORCAD_10.5\TOOLS\LAYOUT_PLUS\LIBRARY\SM.LLB
Tue Oct 02 11:53:10 Loaded file C:\ORCAD\ORCAD_10.5\TOOLS\LAYOUT_PLUS\LIBRARY\SOG.LLB
Tue Oct 02 11:53:10 Loaded file C:\ORCAD\ORCAD_10.5\TOOLS\LAYOUT_PLUS\LIBRARY\SOJ.LLB
Tue Oct 02 11:53:10 Loaded file C:\ORCAD\ORCAD_10.5\TOOLS\LAYOUT_PLUS\LIBRARY\STIFF.LLB
Tue Oct 02 11:53:10 Loaded file C:\ORCAD\ORCAD_10.5\TOOLS\LAYOUT_PLUS\LIBRARY\TELE.LLB
Tue Oct 02 11:53:10 Loaded file C:\ORCAD\ORCAD_10.5\TOOLS\LAYOUT_PLUS\LIBRARY\TM_AXIAL.LLB
Tue Oct 02 11:53:10 Loaded file C:\ORCAD\ORCAD_10.5\TOOLS\LAYOUT_PLUS\LIBRARY\TM_CAP_P.LLB
Tue Oct 02 11:53:10 Loaded file C:\ORCAD\ORCAD_10.5\TOOLS\LAYOUT_PLUS\LIBRARY\TM_CYLND.LLB
Tue Oct 02 11:53:10 Loaded file C:\ORCAD\ORCAD_10.5\TOOLS\LAYOUT_PLUS\LIBRARY\TM_DIODE.LLB
Tue Oct 02 11:53:10 Loaded file C:\ORCAD\ORCAD_10.5\TOOLS\LAYOUT_PLUS\LIBRARY\TM_DISC.LLB
Tue Oct 02 11:53:10 Loaded file C:\ORCAD\ORCAD_10.5\TOOLS\LAYOUT_PLUS\LIBRARY\TM_RAD.LLB
Tue Oct 02 11:53:10 Loaded file C:\ORCAD\ORCAD_10.5\TOOLS\LAYOUT_PLUS\LIBRARY\TO.LLB
Tue Oct 02 11:53:10 Loaded file C:\ORCAD\ORCAD_10.5\TOOLS\LAYOUT_PLUS\LIBRARY\TRAINING.LLB
Tue Oct 02 11:53:10 Loaded file C:\ORCAD\ORCAD_10.5\TOOLS\LAYOUT_PLUS\LIBRARY\VRES.LLB
Tue Oct 02 11:53:11 Loaded file C:\ORCAD\ORCAD_10.5\TOOLS\LAYOUT_PLUS\LIBRARY\WCON100T.LLB
Tue Oct 02 11:53:11 Loaded file C:\ORCAD\ORCAD_10.5\TOOLS\LAYOUT_PLUS\LIBRARY\XT.LLB
Tue Oct 02 11:53:11 Loaded file C:\ORCAD\ORCAD_10.5\TOOLS\LAYOUT_PLUS\LIBRARY\ZIGZAG.LLB
Tue Oct 02 11:53:11 Loaded file C:\DOCUMENTS AND SETTINGS\MUSHTAQ KHAN\DESKTOP\COMMON.LLB
Tue Oct 02 11:53:11 Loaded file E:\MUSHTAQ PCB\MUSHTAQ DOC\COMMON.LLB
Tue Oct 02 11:53:11 Loaded file E:\MUSHTAQ PCB\MUSHTAQ DOC\PCB'S\MUSHTAQ_1LIB.LLB
Tue Oct 02 11:53:11 Loaded file E:\MUSHTAQ PCB\MUSHTAQ DOC\BILAL.LLB
Tue Oct 02 11:53:11 Loaded file C:\OrCAD\OrCAD_10.5\tools\Layout\library\BCON100T.llb
Tue Oct 02 11:53:11 Loaded file C:\OrCAD\OrCAD_10.5\tools\Layout\library\BCON156T.llb
Tue Oct 02 11:53:11 Loaded file C:\OrCAD\OrCAD_10.5\tools\Layout\library\BGA.llb
Tue Oct 02 11:53:11 Loaded file C:\OrCAD\OrCAD_10.5\tools\Layout\library\CLCC.llb
Tue Oct 02 11:53:11 Loaded file C:\OrCAD\OrCAD_10.5\tools\Layout\library\DCON050T.llb
Tue Oct 02 11:53:11 Loaded file C:\OrCAD\OrCAD_10.5\tools\Layout\library\DCON085T.llb
Tue Oct 02 11:53:11 Loaded file C:\OrCAD\OrCAD_10.5\tools\Layout\library\DIMM050F.llb
Tue Oct 02 11:53:11 Loaded file C:\OrCAD\OrCAD_10.5\tools\Layout\library\DIMM050T.llb
Tue Oct 02 11:53:11 Loaded file C:\OrCAD\OrCAD_10.5\tools\Layout\library\DIN.llb
Tue Oct 02 11:53:11 Loaded file C:\OrCAD\OrCAD_10.5\tools\Layout\library\DIP100B.llb
Tue Oct 02 11:53:11 Loaded file C:\OrCAD\OrCAD_10.5\tools\Layout\library\DIP100T.llb
Tue Oct 02 11:53:11 Loaded file C:\OrCAD\OrCAD_10.5\tools\Layout\library\DSUBT.llb
Tue Oct 02 11:53:11 Loaded file C:\OrCAD\OrCAD_10.5\tools\Layout\library\DSUBT_HD.LLB
Tue Oct 02 11:53:11 Loaded file C:\OrCAD\OrCAD_10.5\tools\Layout\library\ECON100T.llb
Tue Oct 02 11:53:11 Loaded file C:\OrCAD\OrCAD_10.5\tools\Layout\library\FBUS.llb
Tue Oct 02 11:53:11 Loaded file C:\OrCAD\OrCAD_10.5\tools\Layout\library\ISA.llb
Tue Oct 02 11:53:11 Loaded file C:\OrCAD\OrCAD_10.5\tools\Layout\library\JUMPER.LLB
Tue Oct 02 11:53:11 Loaded file C:\OrCAD\OrCAD_10.5\tools\Layout\library\LAYOUT.llb
Tue Oct 02 11:53:11 Loaded file C:\OrCAD\OrCAD_10.5\tools\Layout\library\LCON100T.llb
Tue Oct 02 11:53:11 Loaded file C:\OrCAD\OrCAD_10.5\tools\Layout\library\PC104.llb
Tue Oct 02 11:53:11 Loaded file C:\OrCAD\OrCAD_10.5\tools\Layout\library\PCI.llb
Tue Oct 02 11:53:11 Loaded file C:\OrCAD\OrCAD_10.5\tools\Layout\library\PCON100T.llb
Tue Oct 02 11:53:11 Loaded file C:\OrCAD\OrCAD_10.5\tools\Layout\library\PCON156T.llb
Tue Oct 02 11:53:11 Loaded file C:\OrCAD\OrCAD_10.5\tools\Layout\library\PGA.llb
Tue Oct 02 11:53:11 Loaded file C:\OrCAD\OrCAD_10.5\tools\Layout\library\PLCC.llb
Tue Oct 02 11:53:11 Loaded file C:\OrCAD\OrCAD_10.5\tools\Layout\library\QUAD.llb
Tue Oct 02 11:53:11 Loaded file C:\OrCAD\OrCAD_10.5\tools\Layout\library\QUADB.llb
Tue Oct 02 11:53:11 Loaded file C:\OrCAD\OrCAD_10.5\tools\Layout\library\RELAY.llb
Tue Oct 02 11:53:11 Loaded file C:\OrCAD\OrCAD_10.5\tools\Layout\library\RF.llb
Tue Oct 02 11:53:11 Loaded file C:\OrCAD\OrCAD_10.5\tools\Layout\library\SBUS.llb
Tue Oct 02 11:53:11 Loaded file C:\OrCAD\OrCAD_10.5\tools\Layout\library\SIMM050F.llb
Tue Oct 02 11:53:11 Loaded file C:\OrCAD\OrCAD_10.5\tools\Layout\library\SIMM050T.llb
Tue Oct 02 11:53:11 Loaded file C:\OrCAD\OrCAD_10.5\tools\Layout\library\SIMM100F.llb
Tue Oct 02 11:53:11 Loaded file C:\OrCAD\OrCAD_10.5\tools\Layout\library\SIMM100T.llb
Tue Oct 02 11:53:11 Loaded file C:\OrCAD\OrCAD_10.5\tools\Layout\library\SIP.llb
Tue Oct 02 11:53:11 Loaded file C:\OrCAD\OrCAD_10.5\tools\Layout\library\SM.llb
Tue Oct 02 11:53:11 Loaded file C:\OrCAD\OrCAD_10.5\tools\Layout\library\SOG.llb
Tue Oct 02 11:53:11 Loaded file C:\OrCAD\OrCAD_10.5\tools\Layout\library\SOJ.llb
Tue Oct 02 11:53:11 Loaded file C:\OrCAD\OrCAD_10.5\tools\Layout\library\STIFF.llb
Tue Oct 02 11:53:11 Loaded file C:\OrCAD\OrCAD_10.5\tools\Layout\library\TELE.llb
Tue Oct 02 11:53:11 Loaded file C:\OrCAD\OrCAD_10.5\tools\Layout\library\TM_AXIAL.llb
Tue Oct 02 11:53:11 Loaded file C:\OrCAD\OrCAD_10.5\tools\Layout\library\TM_CAP_P.llb
Tue Oct 02 11:53:11 Loaded file C:\OrCAD\OrCAD_10.5\tools\Layout\library\TM_CYLND.llb
Tue Oct 02 11:53:11 Loaded file C:\OrCAD\OrCAD_10.5\tools\Layout\library\TM_DIODE.llb
Tue Oct 02 11:53:11 Loaded file C:\OrCAD\OrCAD_10.5\tools\Layout\library\TM_DISC.llb
Tue Oct 02 11:53:11 Loaded file C:\OrCAD\OrCAD_10.5\tools\Layout\library\TM_RAD.llb
Tue Oct 02 11:53:11 Loaded file C:\OrCAD\OrCAD_10.5\tools\Layout\library\TO.llb
Tue Oct 02 11:53:11 Loaded file C:\OrCAD\OrCAD_10.5\tools\Layout\library\TRAINING.LLB
Tue Oct 02 11:53:11 Loaded file C:\OrCAD\OrCAD_10.5\tools\Layout\library\VRES.llb
Tue Oct 02 11:53:11 Loaded file C:\OrCAD\OrCAD_10.5\tools\Layout\library\WCON100T.llb
Tue Oct 02 11:53:11 Loaded file C:\OrCAD\OrCAD_10.5\tools\Layout\library\XT.llb
Tue Oct 02 11:53:11 Loaded file C:\OrCAD\OrCAD_10.5\tools\Layout\library\ZIGZAG.llb
Tue Oct 02 11:53:15 Loaded file C:\OrCAD\OrCAD_10.5\tools\Layout\data\template.imp
Tue Oct 02 11:53:18 Loaded file C:\OrCAD\OrCAD_10.5\tools\Layout\data\template.imp
Tue Oct 02 11:53:27 Loaded file E:\MUSHTAQ PCB\SAJJAD HUSSAIN\CHRONO32C\CHRONO-32C-TDC_R0\LIBRARY\CHRONO32C_LIB.LLB
Tue Oct 02 11:53:27 Saved as file E:\MUSHTAQ PCB\SAJJAD HUSSAIN\CHRONO32C\CHRONO-32C-TDC_R0\LIBRARY\CHRONO32C_LIB.LLB
Tue Oct 02 11:53:27 Loaded file C:\ORCAD\ORCAD_10.5\TOOLS\LAYOUT_PLUS\LIBRARY\SOG.LLB
Tue Oct 02 11:54:10 Loaded file C:\ORCAD\ORCAD_10.5\TOOLS\LAYOUT_PLUS\LIBRARY\SOJ.LLB
Tue Oct 02 11:54:10 Loaded file C:\DOCUMENTS AND SETTINGS\MUSHTAQ KHAN\DESKTOP\COMMON.LLB
Tue Oct 02 11:54:11 Loaded file E:\MUSHTAQ PCB\MUSHTAQ DOC\COMMON.LLB
Tue Oct 02 11:54:11 Loaded file C:\OrCAD\OrCAD_10.5\tools\Layout\library\CLCC.llb
Tue Oct 02 11:54:12 Loaded file E:\MUSHTAQ PCB\SAJJAD HUSSAIN\CHRONO32C\CHRONO-32C-TDC_R0\LIBRARY\CHRONO32C_LIB.LLB
Tue Oct 02 11:54:54 Saved as file BACKUP1.MAX
Tue Oct 02 12:04:54 Saved as file BACKUP1.MAX
Tue Oct 02 12:15:24 Saved as file BACKUP1.MAX
Tue Oct 02 12:25:25 Saved as file BACKUP1.MAX
Tue Oct 02 12:35:55 Saved as file BACKUP1.MAX
Tue Oct 02 12:45:55 Saved as file BACKUP1.MAX
Tue Oct 02 12:56:25 Saved as file BACKUP1.MAX
Tue Oct 02 13:06:55 Saved as file BACKUP1.MAX
Tue Oct 02 13:17:25 Saved as file BACKUP1.MAX
Tue Oct 02 13:27:25 Saved as file BACKUP1.MAX
Tue Oct 02 13:37:55 Saved as file BACKUP1.MAX
Tue Oct 02 13:47:55 Saved as file BACKUP1.MAX
Tue Oct 02 13:58:25 Saved as file BACKUP1.MAX
Tue Oct 02 14:07:38 Loaded file E:\MUSHTAQ PCB\SAJJAD HUSSAIN\CHRONO32C\CHRONO-32C-TDC_R0\TDC_16CHANNELN-58.MAX
